<?xml version="1.0" encoding="UTF-8"?>
<!-- Generated by org.testng.reporters.JUnitReportReporter -->
<testsuite hostname="LAPTOP-D1A03UK7" failures="0" tests="3" name="admin.uat.battlexo.com.CreateModeratorTest" time="18.822" errors="0" timestamp="2023-01-28T19:57:28 IST" skipped="0">
  <testcase classname="admin.uat.battlexo.com.CreateModeratorTest" name="createModeratorPage" time="6.131"/>
  <system-out/>
  <testcase classname="admin.uat.battlexo.com.CreateModeratorTest" name="createModeratorPage" time="6.036"/>
  <system-out/>
  <testcase classname="admin.uat.battlexo.com.CreateModeratorTest" name="createModeratorPage" time="6.655"/>
  <system-out/>
</testsuite> <!-- admin.uat.battlexo.com.CreateModeratorTest -->
