<?xml version="1.0" encoding="UTF-8"?>
<!-- Generated by org.testng.reporters.JUnitReportReporter -->
<testsuite hostname="LAPTOP-D1A03UK7" failures="0" tests="501" name="admin.uat.battlexo.com.CreateSpaceTest" time="653.311" errors="2" timestamp="2023-01-29T12:43:38 IST" skipped="459">
  <testcase classname="admin.uat.battlexo.com.CreateSpaceTest" name="createSpacePage" time="3.217">
    <skipped/>
  </testcase> <!-- createSpacePage -->
  <system-out/>
  <testcase classname="admin.uat.battlexo.com.CreateSpaceTest" name="createSpacePage" time="3.218">
    <skipped/>
  </testcase> <!-- createSpacePage -->
  <system-out/>
  <testcase classname="admin.uat.battlexo.com.CreateSpaceTest" name="createSpacePage" time="3.223">
    <skipped/>
  </testcase> <!-- createSpacePage -->
  <system-out/>
  <testcase classname="admin.uat.battlexo.com.CreateSpaceTest" name="createSpacePage" time="3.223">
    <skipped/>
  </testcase> <!-- createSpacePage -->
  <system-out/>
  <testcase classname="admin.uat.battlexo.com.CreateSpaceTest" name="createSpacePage" time="3.210">
    <skipped/>
  </testcase> <!-- createSpacePage -->
  <system-out/>
  <testcase classname="admin.uat.battlexo.com.CreateSpaceTest" name="createSpacePage" time="3.214">
    <skipped/>
  </testcase> <!-- createSpacePage -->
  <system-out/>
  <testcase classname="admin.uat.battlexo.com.CreateSpaceTest" name="createSpacePage" time="3.241">
    <skipped/>
  </testcase> <!-- createSpacePage -->
  <system-out/>
  <testcase classname="admin.uat.battlexo.com.CreateSpaceTest" name="createSpacePage" time="3.223">
    <skipped/>
  </testcase> <!-- createSpacePage -->
  <system-out/>
  <testcase classname="admin.uat.battlexo.com.CreateSpaceTest" name="createSpacePage" time="3.208">
    <skipped/>
  </testcase> <!-- createSpacePage -->
  <system-out/>
  <testcase classname="admin.uat.battlexo.com.CreateSpaceTest" name="createSpacePage" time="3.204">
    <skipped/>
  </testcase> <!-- createSpacePage -->
  <system-out/>
  <testcase classname="admin.uat.battlexo.com.CreateSpaceTest" name="createSpacePage" time="3.216">
    <skipped/>
  </testcase> <!-- createSpacePage -->
  <system-out/>
  <testcase classname="admin.uat.battlexo.com.CreateSpaceTest" name="createSpacePage" time="3.212">
    <skipped/>
  </testcase> <!-- createSpacePage -->
  <system-out/>
  <testcase classname="admin.uat.battlexo.com.CreateSpaceTest" name="createSpacePage" time="3.668">
    <skipped/>
  </testcase> <!-- createSpacePage -->
  <system-out/>
  <testcase classname="admin.uat.battlexo.com.CreateSpaceTest" name="createSpacePage" time="3.224">
    <skipped/>
  </testcase> <!-- createSpacePage -->
  <system-out/>
  <testcase classname="admin.uat.battlexo.com.CreateSpaceTest" name="createSpacePage" time="3.222">
    <skipped/>
  </testcase> <!-- createSpacePage -->
  <system-out/>
  <testcase classname="admin.uat.battlexo.com.CreateSpaceTest" name="createSpacePage" time="3.204">
    <skipped/>
  </testcase> <!-- createSpacePage -->
  <system-out/>
  <testcase classname="admin.uat.battlexo.com.CreateSpaceTest" name="createSpacePage" time="3.214">
    <skipped/>
  </testcase> <!-- createSpacePage -->
  <system-out/>
  <testcase classname="admin.uat.battlexo.com.CreateSpaceTest" name="createSpacePage" time="3.213">
    <skipped/>
  </testcase> <!-- createSpacePage -->
  <system-out/>
  <testcase classname="admin.uat.battlexo.com.CreateSpaceTest" name="createSpacePage" time="3.213">
    <skipped/>
  </testcase> <!-- createSpacePage -->
  <system-out/>
  <testcase classname="admin.uat.battlexo.com.CreateSpaceTest" name="createSpacePage" time="3.208">
    <skipped/>
  </testcase> <!-- createSpacePage -->
  <system-out/>
  <testcase classname="admin.uat.battlexo.com.CreateSpaceTest" name="createSpacePage" time="3.218">
    <skipped/>
  </testcase> <!-- createSpacePage -->
  <system-out/>
  <testcase classname="admin.uat.battlexo.com.CreateSpaceTest" name="createSpacePage" time="3.222">
    <skipped/>
  </testcase> <!-- createSpacePage -->
  <system-out/>
  <testcase classname="admin.uat.battlexo.com.CreateSpaceTest" name="createSpacePage" time="3.224">
    <skipped/>
  </testcase> <!-- createSpacePage -->
  <system-out/>
  <testcase classname="admin.uat.battlexo.com.CreateSpaceTest" name="createSpacePage" time="3.217">
    <skipped/>
  </testcase> <!-- createSpacePage -->
  <system-out/>
  <testcase classname="admin.uat.battlexo.com.CreateSpaceTest" name="createSpacePage" time="3.210">
    <skipped/>
  </testcase> <!-- createSpacePage -->
  <system-out/>
  <testcase classname="admin.uat.battlexo.com.CreateSpaceTest" name="createSpacePage" time="14.805"/>
  <system-out/>
  <testcase classname="admin.uat.battlexo.com.CreateSpaceTest" name="createSpacePage" time="3.208">
    <skipped/>
  </testcase> <!-- createSpacePage -->
  <system-out/>
  <testcase classname="admin.uat.battlexo.com.CreateSpaceTest" name="createSpacePage" time="3.234">
    <skipped/>
  </testcase> <!-- createSpacePage -->
  <system-out/>
  <testcase classname="admin.uat.battlexo.com.CreateSpaceTest" name="createSpacePage" time="3.229">
    <skipped/>
  </testcase> <!-- createSpacePage -->
  <system-out/>
  <testcase classname="admin.uat.battlexo.com.CreateSpaceTest" name="createSpacePage" time="3.223">
    <skipped/>
  </testcase> <!-- createSpacePage -->
  <system-out/>
  <testcase classname="admin.uat.battlexo.com.CreateSpaceTest" name="createSpacePage" time="3.200">
    <skipped/>
  </testcase> <!-- createSpacePage -->
  <system-out/>
  <testcase classname="admin.uat.battlexo.com.CreateSpaceTest" name="createSpacePage" time="3.222">
    <skipped/>
  </testcase> <!-- createSpacePage -->
  <system-out/>
  <testcase classname="admin.uat.battlexo.com.CreateSpaceTest" name="createSpacePage" time="3.245">
    <skipped/>
  </testcase> <!-- createSpacePage -->
  <system-out/>
  <testcase classname="admin.uat.battlexo.com.CreateSpaceTest" name="createSpacePage" time="3.228">
    <skipped/>
  </testcase> <!-- createSpacePage -->
  <system-out/>
  <testcase classname="admin.uat.battlexo.com.CreateSpaceTest" name="createSpacePage" time="3.222">
    <skipped/>
  </testcase> <!-- createSpacePage -->
  <system-out/>
  <testcase classname="admin.uat.battlexo.com.CreateSpaceTest" name="createSpacePage" time="15.307"/>
  <system-out/>
  <testcase classname="admin.uat.battlexo.com.CreateSpaceTest" name="createSpacePage" time="14.820"/>
  <system-out/>
  <testcase classname="admin.uat.battlexo.com.CreateSpaceTest" name="createSpacePage" time="3.224">
    <skipped/>
  </testcase> <!-- createSpacePage -->
  <system-out/>
  <testcase classname="admin.uat.battlexo.com.CreateSpaceTest" name="createSpacePage" time="3.231">
    <skipped/>
  </testcase> <!-- createSpacePage -->
  <system-out/>
  <testcase classname="admin.uat.battlexo.com.CreateSpaceTest" name="createSpacePage" time="3.215">
    <skipped/>
  </testcase> <!-- createSpacePage -->
  <system-out/>
  <testcase classname="admin.uat.battlexo.com.CreateSpaceTest" name="createSpacePage" time="3.224">
    <skipped/>
  </testcase> <!-- createSpacePage -->
  <system-out/>
  <testcase classname="admin.uat.battlexo.com.CreateSpaceTest" name="createSpacePage" time="0.000">
    <skipped/>
  </testcase> <!-- createSpacePage -->
  <system-out/>
  <testcase classname="admin.uat.battlexo.com.CreateSpaceTest" name="createSpacePage" time="0.000">
    <skipped/>
  </testcase> <!-- createSpacePage -->
  <system-out/>
  <testcase classname="admin.uat.battlexo.com.CreateSpaceTest" name="createSpacePage" time="0.000">
    <skipped/>
  </testcase> <!-- createSpacePage -->
  <system-out/>
  <testcase classname="admin.uat.battlexo.com.CreateSpaceTest" name="createSpacePage" time="0.000">
    <skipped/>
  </testcase> <!-- createSpacePage -->
  <system-out/>
  <testcase classname="admin.uat.battlexo.com.CreateSpaceTest" name="createSpacePage" time="0.000">
    <skipped/>
  </testcase> <!-- createSpacePage -->
  <system-out/>
  <testcase classname="admin.uat.battlexo.com.CreateSpaceTest" name="createSpacePage" time="0.000">
    <skipped/>
  </testcase> <!-- createSpacePage -->
  <system-out/>
  <testcase classname="admin.uat.battlexo.com.CreateSpaceTest" name="createSpacePage" time="0.000">
    <skipped/>
  </testcase> <!-- createSpacePage -->
  <system-out/>
  <testcase classname="admin.uat.battlexo.com.CreateSpaceTest" name="createSpacePage" time="0.000">
    <skipped/>
  </testcase> <!-- createSpacePage -->
  <system-out/>
  <testcase classname="admin.uat.battlexo.com.CreateSpaceTest" name="createSpacePage" time="0.000">
    <skipped/>
  </testcase> <!-- createSpacePage -->
  <system-out/>
  <testcase classname="admin.uat.battlexo.com.CreateSpaceTest" name="createSpacePage" time="11.659"/>
  <system-out/>
  <testcase classname="admin.uat.battlexo.com.CreateSpaceTest" name="createSpacePage" time="0.000">
    <skipped/>
  </testcase> <!-- createSpacePage -->
  <system-out/>
  <testcase classname="admin.uat.battlexo.com.CreateSpaceTest" name="createSpacePage" time="0.000">
    <skipped/>
  </testcase> <!-- createSpacePage -->
  <system-out/>
  <testcase classname="admin.uat.battlexo.com.CreateSpaceTest" name="createSpacePage" time="0.000">
    <skipped/>
  </testcase> <!-- createSpacePage -->
  <system-out/>
  <testcase classname="admin.uat.battlexo.com.CreateSpaceTest" name="createSpacePage" time="0.000">
    <skipped/>
  </testcase> <!-- createSpacePage -->
  <system-out/>
  <testcase classname="admin.uat.battlexo.com.CreateSpaceTest" name="createSpacePage" time="0.000">
    <skipped/>
  </testcase> <!-- createSpacePage -->
  <system-out/>
  <testcase classname="admin.uat.battlexo.com.CreateSpaceTest" name="createSpacePage" time="0.000">
    <skipped/>
  </testcase> <!-- createSpacePage -->
  <system-out/>
  <testcase classname="admin.uat.battlexo.com.CreateSpaceTest" name="createSpacePage" time="0.000">
    <skipped/>
  </testcase> <!-- createSpacePage -->
  <system-out/>
  <testcase classname="admin.uat.battlexo.com.CreateSpaceTest" name="createSpacePage" time="0.000">
    <skipped/>
  </testcase> <!-- createSpacePage -->
  <system-out/>
  <testcase classname="admin.uat.battlexo.com.CreateSpaceTest" name="createSpacePage" time="0.000">
    <skipped/>
  </testcase> <!-- createSpacePage -->
  <system-out/>
  <testcase classname="admin.uat.battlexo.com.CreateSpaceTest" name="createSpacePage" time="0.000">
    <skipped/>
  </testcase> <!-- createSpacePage -->
  <system-out/>
  <testcase classname="admin.uat.battlexo.com.CreateSpaceTest" name="createSpacePage" time="0.000">
    <skipped/>
  </testcase> <!-- createSpacePage -->
  <system-out/>
  <testcase classname="admin.uat.battlexo.com.CreateSpaceTest" name="createSpacePage" time="0.000">
    <skipped/>
  </testcase> <!-- createSpacePage -->
  <system-out/>
  <testcase classname="admin.uat.battlexo.com.CreateSpaceTest" name="createSpacePage" time="0.000">
    <skipped/>
  </testcase> <!-- createSpacePage -->
  <system-out/>
  <testcase classname="admin.uat.battlexo.com.CreateSpaceTest" name="createSpacePage" time="0.000">
    <skipped/>
  </testcase> <!-- createSpacePage -->
  <system-out/>
  <testcase classname="admin.uat.battlexo.com.CreateSpaceTest" name="createSpacePage" time="0.000">
    <skipped/>
  </testcase> <!-- createSpacePage -->
  <system-out/>
  <testcase classname="admin.uat.battlexo.com.CreateSpaceTest" name="createSpacePage" time="0.000">
    <skipped/>
  </testcase> <!-- createSpacePage -->
  <system-out/>
  <testcase classname="admin.uat.battlexo.com.CreateSpaceTest" name="createSpacePage" time="0.000">
    <skipped/>
  </testcase> <!-- createSpacePage -->
  <system-out/>
  <testcase classname="admin.uat.battlexo.com.CreateSpaceTest" name="createSpacePage" time="0.000">
    <skipped/>
  </testcase> <!-- createSpacePage -->
  <system-out/>
  <testcase classname="admin.uat.battlexo.com.CreateSpaceTest" name="createSpacePage" time="0.000">
    <skipped/>
  </testcase> <!-- createSpacePage -->
  <system-out/>
  <testcase classname="admin.uat.battlexo.com.CreateSpaceTest" name="createSpacePage" time="0.000">
    <skipped/>
  </testcase> <!-- createSpacePage -->
  <system-out/>
  <testcase classname="admin.uat.battlexo.com.CreateSpaceTest" name="createSpacePage" time="0.000">
    <skipped/>
  </testcase> <!-- createSpacePage -->
  <system-out/>
  <testcase classname="admin.uat.battlexo.com.CreateSpaceTest" name="createSpacePage" time="11.661"/>
  <system-out/>
  <testcase classname="admin.uat.battlexo.com.CreateSpaceTest" name="createSpacePage" time="0.000">
    <skipped/>
  </testcase> <!-- createSpacePage -->
  <system-out/>
  <testcase classname="admin.uat.battlexo.com.CreateSpaceTest" name="createSpacePage" time="0.000">
    <skipped/>
  </testcase> <!-- createSpacePage -->
  <system-out/>
  <testcase classname="admin.uat.battlexo.com.CreateSpaceTest" name="createSpacePage" time="0.000">
    <skipped/>
  </testcase> <!-- createSpacePage -->
  <system-out/>
  <testcase classname="admin.uat.battlexo.com.CreateSpaceTest" name="createSpacePage" time="0.000">
    <skipped/>
  </testcase> <!-- createSpacePage -->
  <system-out/>
  <testcase classname="admin.uat.battlexo.com.CreateSpaceTest" name="createSpacePage" time="0.000">
    <skipped/>
  </testcase> <!-- createSpacePage -->
  <system-out/>
  <testcase classname="admin.uat.battlexo.com.CreateSpaceTest" name="createSpacePage" time="0.000">
    <skipped/>
  </testcase> <!-- createSpacePage -->
  <system-out/>
  <testcase classname="admin.uat.battlexo.com.CreateSpaceTest" name="createSpacePage" time="0.000">
    <skipped/>
  </testcase> <!-- createSpacePage -->
  <system-out/>
  <testcase classname="admin.uat.battlexo.com.CreateSpaceTest" name="createSpacePage" time="0.000">
    <skipped/>
  </testcase> <!-- createSpacePage -->
  <system-out/>
  <testcase classname="admin.uat.battlexo.com.CreateSpaceTest" name="createSpacePage" time="0.000">
    <skipped/>
  </testcase> <!-- createSpacePage -->
  <system-out/>
  <testcase classname="admin.uat.battlexo.com.CreateSpaceTest" name="createSpacePage" time="0.000">
    <skipped/>
  </testcase> <!-- createSpacePage -->
  <system-out/>
  <testcase classname="admin.uat.battlexo.com.CreateSpaceTest" name="createSpacePage" time="0.000">
    <skipped/>
  </testcase> <!-- createSpacePage -->
  <system-out/>
  <testcase classname="admin.uat.battlexo.com.CreateSpaceTest" name="createSpacePage" time="0.000">
    <skipped/>
  </testcase> <!-- createSpacePage -->
  <system-out/>
  <testcase classname="admin.uat.battlexo.com.CreateSpaceTest" name="createSpacePage" time="0.000">
    <skipped/>
  </testcase> <!-- createSpacePage -->
  <system-out/>
  <testcase classname="admin.uat.battlexo.com.CreateSpaceTest" name="createSpacePage" time="0.000">
    <skipped/>
  </testcase> <!-- createSpacePage -->
  <system-out/>
  <testcase classname="admin.uat.battlexo.com.CreateSpaceTest" name="createSpacePage" time="0.000">
    <skipped/>
  </testcase> <!-- createSpacePage -->
  <system-out/>
  <testcase classname="admin.uat.battlexo.com.CreateSpaceTest" name="createSpacePage" time="0.000">
    <skipped/>
  </testcase> <!-- createSpacePage -->
  <system-out/>
  <testcase classname="admin.uat.battlexo.com.CreateSpaceTest" name="createSpacePage" time="0.000">
    <skipped/>
  </testcase> <!-- createSpacePage -->
  <system-out/>
  <testcase classname="admin.uat.battlexo.com.CreateSpaceTest" name="createSpacePage" time="0.000">
    <skipped/>
  </testcase> <!-- createSpacePage -->
  <system-out/>
  <testcase classname="admin.uat.battlexo.com.CreateSpaceTest" name="createSpacePage" time="11.667"/>
  <system-out/>
  <testcase classname="admin.uat.battlexo.com.CreateSpaceTest" name="createSpacePage" time="11.608"/>
  <system-out/>
  <testcase classname="admin.uat.battlexo.com.CreateSpaceTest" name="createSpacePage" time="0.000">
    <skipped/>
  </testcase> <!-- createSpacePage -->
  <system-out/>
  <testcase classname="admin.uat.battlexo.com.CreateSpaceTest" name="createSpacePage" time="0.000">
    <skipped/>
  </testcase> <!-- createSpacePage -->
  <system-out/>
  <testcase classname="admin.uat.battlexo.com.CreateSpaceTest" name="createSpacePage" time="0.000">
    <skipped/>
  </testcase> <!-- createSpacePage -->
  <system-out/>
  <testcase classname="admin.uat.battlexo.com.CreateSpaceTest" name="createSpacePage" time="0.000">
    <skipped/>
  </testcase> <!-- createSpacePage -->
  <system-out/>
  <testcase classname="admin.uat.battlexo.com.CreateSpaceTest" name="createSpacePage" time="0.000">
    <skipped/>
  </testcase> <!-- createSpacePage -->
  <system-out/>
  <testcase classname="admin.uat.battlexo.com.CreateSpaceTest" name="createSpacePage" time="0.000">
    <skipped/>
  </testcase> <!-- createSpacePage -->
  <system-out/>
  <testcase classname="admin.uat.battlexo.com.CreateSpaceTest" name="createSpacePage" time="0.000">
    <skipped/>
  </testcase> <!-- createSpacePage -->
  <system-out/>
  <testcase classname="admin.uat.battlexo.com.CreateSpaceTest" name="createSpacePage" time="0.000">
    <skipped/>
  </testcase> <!-- createSpacePage -->
  <system-out/>
  <testcase classname="admin.uat.battlexo.com.CreateSpaceTest" name="createSpacePage" time="0.000">
    <skipped/>
  </testcase> <!-- createSpacePage -->
  <system-out/>
  <testcase classname="admin.uat.battlexo.com.CreateSpaceTest" name="createSpacePage" time="0.000">
    <skipped/>
  </testcase> <!-- createSpacePage -->
  <system-out/>
  <testcase classname="admin.uat.battlexo.com.CreateSpaceTest" name="createSpacePage" time="11.601"/>
  <system-out/>
  <testcase classname="admin.uat.battlexo.com.CreateSpaceTest" name="createSpacePage" time="0.000">
    <skipped/>
  </testcase> <!-- createSpacePage -->
  <system-out/>
  <testcase classname="admin.uat.battlexo.com.CreateSpaceTest" name="createSpacePage" time="0.000">
    <skipped/>
  </testcase> <!-- createSpacePage -->
  <system-out/>
  <testcase classname="admin.uat.battlexo.com.CreateSpaceTest" name="createSpacePage" time="0.000">
    <skipped/>
  </testcase> <!-- createSpacePage -->
  <system-out/>
  <testcase classname="admin.uat.battlexo.com.CreateSpaceTest" name="createSpacePage" time="0.000">
    <skipped/>
  </testcase> <!-- createSpacePage -->
  <system-out/>
  <testcase classname="admin.uat.battlexo.com.CreateSpaceTest" name="createSpacePage" time="0.000">
    <skipped/>
  </testcase> <!-- createSpacePage -->
  <system-out/>
  <testcase classname="admin.uat.battlexo.com.CreateSpaceTest" name="createSpacePage" time="0.000">
    <skipped/>
  </testcase> <!-- createSpacePage -->
  <system-out/>
  <testcase classname="admin.uat.battlexo.com.CreateSpaceTest" name="createSpacePage" time="0.000">
    <skipped/>
  </testcase> <!-- createSpacePage -->
  <system-out/>
  <testcase classname="admin.uat.battlexo.com.CreateSpaceTest" name="createSpacePage" time="0.000">
    <skipped/>
  </testcase> <!-- createSpacePage -->
  <system-out/>
  <testcase classname="admin.uat.battlexo.com.CreateSpaceTest" name="createSpacePage" time="0.000">
    <skipped/>
  </testcase> <!-- createSpacePage -->
  <system-out/>
  <testcase classname="admin.uat.battlexo.com.CreateSpaceTest" name="createSpacePage" time="0.000">
    <skipped/>
  </testcase> <!-- createSpacePage -->
  <system-out/>
  <testcase classname="admin.uat.battlexo.com.CreateSpaceTest" name="createSpacePage" time="0.000">
    <skipped/>
  </testcase> <!-- createSpacePage -->
  <system-out/>
  <testcase classname="admin.uat.battlexo.com.CreateSpaceTest" name="createSpacePage" time="0.000">
    <skipped/>
  </testcase> <!-- createSpacePage -->
  <system-out/>
  <testcase classname="admin.uat.battlexo.com.CreateSpaceTest" name="createSpacePage" time="0.000">
    <skipped/>
  </testcase> <!-- createSpacePage -->
  <system-out/>
  <testcase classname="admin.uat.battlexo.com.CreateSpaceTest" name="createSpacePage" time="0.000">
    <skipped/>
  </testcase> <!-- createSpacePage -->
  <system-out/>
  <testcase classname="admin.uat.battlexo.com.CreateSpaceTest" name="createSpacePage" time="0.000">
    <skipped/>
  </testcase> <!-- createSpacePage -->
  <system-out/>
  <testcase classname="admin.uat.battlexo.com.CreateSpaceTest" name="createSpacePage" time="0.000">
    <skipped/>
  </testcase> <!-- createSpacePage -->
  <system-out/>
  <testcase classname="admin.uat.battlexo.com.CreateSpaceTest" name="createSpacePage" time="0.000">
    <skipped/>
  </testcase> <!-- createSpacePage -->
  <system-out/>
  <testcase classname="admin.uat.battlexo.com.CreateSpaceTest" name="createSpacePage" time="0.000">
    <skipped/>
  </testcase> <!-- createSpacePage -->
  <system-out/>
  <testcase classname="admin.uat.battlexo.com.CreateSpaceTest" name="createSpacePage" time="0.000">
    <skipped/>
  </testcase> <!-- createSpacePage -->
  <system-out/>
  <testcase classname="admin.uat.battlexo.com.CreateSpaceTest" name="createSpacePage" time="0.000">
    <skipped/>
  </testcase> <!-- createSpacePage -->
  <system-out/>
  <testcase classname="admin.uat.battlexo.com.CreateSpaceTest" name="createSpacePage" time="0.000">
    <skipped/>
  </testcase> <!-- createSpacePage -->
  <system-out/>
  <testcase classname="admin.uat.battlexo.com.CreateSpaceTest" name="createSpacePage" time="0.000">
    <skipped/>
  </testcase> <!-- createSpacePage -->
  <system-out/>
  <testcase classname="admin.uat.battlexo.com.CreateSpaceTest" name="createSpacePage" time="0.000">
    <skipped/>
  </testcase> <!-- createSpacePage -->
  <system-out/>
  <testcase classname="admin.uat.battlexo.com.CreateSpaceTest" name="createSpacePage" time="0.000">
    <skipped/>
  </testcase> <!-- createSpacePage -->
  <system-out/>
  <testcase classname="admin.uat.battlexo.com.CreateSpaceTest" name="createSpacePage" time="0.000">
    <skipped/>
  </testcase> <!-- createSpacePage -->
  <system-out/>
  <testcase classname="admin.uat.battlexo.com.CreateSpaceTest" name="createSpacePage" time="0.000">
    <skipped/>
  </testcase> <!-- createSpacePage -->
  <system-out/>
  <testcase classname="admin.uat.battlexo.com.CreateSpaceTest" name="createSpacePage" time="0.000">
    <skipped/>
  </testcase> <!-- createSpacePage -->
  <system-out/>
  <testcase classname="admin.uat.battlexo.com.CreateSpaceTest" name="createSpacePage" time="0.000">
    <skipped/>
  </testcase> <!-- createSpacePage -->
  <system-out/>
  <testcase classname="admin.uat.battlexo.com.CreateSpaceTest" name="createSpacePage" time="0.000">
    <skipped/>
  </testcase> <!-- createSpacePage -->
  <system-out/>
  <testcase classname="admin.uat.battlexo.com.CreateSpaceTest" name="createSpacePage" time="0.000">
    <skipped/>
  </testcase> <!-- createSpacePage -->
  <system-out/>
  <testcase classname="admin.uat.battlexo.com.CreateSpaceTest" name="createSpacePage" time="0.000">
    <skipped/>
  </testcase> <!-- createSpacePage -->
  <system-out/>
  <testcase classname="admin.uat.battlexo.com.CreateSpaceTest" name="createSpacePage" time="0.000">
    <skipped/>
  </testcase> <!-- createSpacePage -->
  <system-out/>
  <testcase classname="admin.uat.battlexo.com.CreateSpaceTest" name="createSpacePage" time="0.000">
    <skipped/>
  </testcase> <!-- createSpacePage -->
  <system-out/>
  <testcase classname="admin.uat.battlexo.com.CreateSpaceTest" name="createSpacePage" time="0.000">
    <skipped/>
  </testcase> <!-- createSpacePage -->
  <system-out/>
  <testcase classname="admin.uat.battlexo.com.CreateSpaceTest" name="createSpacePage" time="11.686"/>
  <system-out/>
  <testcase classname="admin.uat.battlexo.com.CreateSpaceTest" name="createSpacePage" time="0.000">
    <skipped/>
  </testcase> <!-- createSpacePage -->
  <system-out/>
  <testcase classname="admin.uat.battlexo.com.CreateSpaceTest" name="createSpacePage" time="0.000">
    <skipped/>
  </testcase> <!-- createSpacePage -->
  <system-out/>
  <testcase classname="admin.uat.battlexo.com.CreateSpaceTest" name="createSpacePage" time="11.664"/>
  <system-out/>
  <testcase classname="admin.uat.battlexo.com.CreateSpaceTest" name="createSpacePage" time="11.653"/>
  <system-out/>
  <testcase classname="admin.uat.battlexo.com.CreateSpaceTest" name="createSpacePage" time="0.000">
    <skipped/>
  </testcase> <!-- createSpacePage -->
  <system-out/>
  <testcase classname="admin.uat.battlexo.com.CreateSpaceTest" name="createSpacePage" time="0.000">
    <skipped/>
  </testcase> <!-- createSpacePage -->
  <system-out/>
  <testcase classname="admin.uat.battlexo.com.CreateSpaceTest" name="createSpacePage" time="0.000">
    <skipped/>
  </testcase> <!-- createSpacePage -->
  <system-out/>
  <testcase classname="admin.uat.battlexo.com.CreateSpaceTest" name="createSpacePage" time="0.000">
    <skipped/>
  </testcase> <!-- createSpacePage -->
  <system-out/>
  <testcase classname="admin.uat.battlexo.com.CreateSpaceTest" name="createSpacePage" time="0.000">
    <skipped/>
  </testcase> <!-- createSpacePage -->
  <system-out/>
  <testcase classname="admin.uat.battlexo.com.CreateSpaceTest" name="createSpacePage" time="0.000">
    <skipped/>
  </testcase> <!-- createSpacePage -->
  <system-out/>
  <testcase classname="admin.uat.battlexo.com.CreateSpaceTest" name="createSpacePage" time="0.000">
    <skipped/>
  </testcase> <!-- createSpacePage -->
  <system-out/>
  <testcase classname="admin.uat.battlexo.com.CreateSpaceTest" name="createSpacePage" time="0.000">
    <skipped/>
  </testcase> <!-- createSpacePage -->
  <system-out/>
  <testcase classname="admin.uat.battlexo.com.CreateSpaceTest" name="createSpacePage" time="0.000">
    <skipped/>
  </testcase> <!-- createSpacePage -->
  <system-out/>
  <testcase classname="admin.uat.battlexo.com.CreateSpaceTest" name="createSpacePage" time="0.000">
    <skipped/>
  </testcase> <!-- createSpacePage -->
  <system-out/>
  <testcase classname="admin.uat.battlexo.com.CreateSpaceTest" name="createSpacePage" time="0.000">
    <skipped/>
  </testcase> <!-- createSpacePage -->
  <system-out/>
  <testcase classname="admin.uat.battlexo.com.CreateSpaceTest" name="createSpacePage" time="0.000">
    <skipped/>
  </testcase> <!-- createSpacePage -->
  <system-out/>
  <testcase classname="admin.uat.battlexo.com.CreateSpaceTest" name="createSpacePage" time="0.000">
    <skipped/>
  </testcase> <!-- createSpacePage -->
  <system-out/>
  <testcase classname="admin.uat.battlexo.com.CreateSpaceTest" name="createSpacePage" time="0.000">
    <skipped/>
  </testcase> <!-- createSpacePage -->
  <system-out/>
  <testcase classname="admin.uat.battlexo.com.CreateSpaceTest" name="createSpacePage" time="0.000">
    <skipped/>
  </testcase> <!-- createSpacePage -->
  <system-out/>
  <testcase classname="admin.uat.battlexo.com.CreateSpaceTest" name="createSpacePage" time="11.601"/>
  <system-out/>
  <testcase classname="admin.uat.battlexo.com.CreateSpaceTest" name="createSpacePage" time="0.000">
    <skipped/>
  </testcase> <!-- createSpacePage -->
  <system-out/>
  <testcase classname="admin.uat.battlexo.com.CreateSpaceTest" name="createSpacePage" time="0.000">
    <skipped/>
  </testcase> <!-- createSpacePage -->
  <system-out/>
  <testcase classname="admin.uat.battlexo.com.CreateSpaceTest" name="createSpacePage" time="0.000">
    <skipped/>
  </testcase> <!-- createSpacePage -->
  <system-out/>
  <testcase classname="admin.uat.battlexo.com.CreateSpaceTest" name="createSpacePage" time="0.000">
    <skipped/>
  </testcase> <!-- createSpacePage -->
  <system-out/>
  <testcase classname="admin.uat.battlexo.com.CreateSpaceTest" name="createSpacePage" time="0.000">
    <skipped/>
  </testcase> <!-- createSpacePage -->
  <system-out/>
  <testcase classname="admin.uat.battlexo.com.CreateSpaceTest" name="createSpacePage" time="0.000">
    <skipped/>
  </testcase> <!-- createSpacePage -->
  <system-out/>
  <testcase classname="admin.uat.battlexo.com.CreateSpaceTest" name="createSpacePage" time="0.000">
    <skipped/>
  </testcase> <!-- createSpacePage -->
  <system-out/>
  <testcase classname="admin.uat.battlexo.com.CreateSpaceTest" name="createSpacePage" time="0.000">
    <skipped/>
  </testcase> <!-- createSpacePage -->
  <system-out/>
  <testcase classname="admin.uat.battlexo.com.CreateSpaceTest" name="createSpacePage" time="0.000">
    <skipped/>
  </testcase> <!-- createSpacePage -->
  <system-out/>
  <testcase classname="admin.uat.battlexo.com.CreateSpaceTest" name="createSpacePage" time="0.000">
    <skipped/>
  </testcase> <!-- createSpacePage -->
  <system-out/>
  <testcase classname="admin.uat.battlexo.com.CreateSpaceTest" name="createSpacePage" time="0.000">
    <skipped/>
  </testcase> <!-- createSpacePage -->
  <system-out/>
  <testcase classname="admin.uat.battlexo.com.CreateSpaceTest" name="createSpacePage" time="0.000">
    <skipped/>
  </testcase> <!-- createSpacePage -->
  <system-out/>
  <testcase classname="admin.uat.battlexo.com.CreateSpaceTest" name="createSpacePage" time="0.000">
    <skipped/>
  </testcase> <!-- createSpacePage -->
  <system-out/>
  <testcase classname="admin.uat.battlexo.com.CreateSpaceTest" name="createSpacePage" time="0.000">
    <skipped/>
  </testcase> <!-- createSpacePage -->
  <system-out/>
  <testcase classname="admin.uat.battlexo.com.CreateSpaceTest" name="createSpacePage" time="0.000">
    <skipped/>
  </testcase> <!-- createSpacePage -->
  <system-out/>
  <testcase classname="admin.uat.battlexo.com.CreateSpaceTest" name="createSpacePage" time="0.000">
    <skipped/>
  </testcase> <!-- createSpacePage -->
  <system-out/>
  <testcase classname="admin.uat.battlexo.com.CreateSpaceTest" name="createSpacePage" time="0.000">
    <skipped/>
  </testcase> <!-- createSpacePage -->
  <system-out/>
  <testcase classname="admin.uat.battlexo.com.CreateSpaceTest" name="createSpacePage" time="11.629"/>
  <system-out/>
  <testcase classname="admin.uat.battlexo.com.CreateSpaceTest" name="createSpacePage" time="0.000">
    <skipped/>
  </testcase> <!-- createSpacePage -->
  <system-out/>
  <testcase classname="admin.uat.battlexo.com.CreateSpaceTest" name="createSpacePage" time="0.000">
    <skipped/>
  </testcase> <!-- createSpacePage -->
  <system-out/>
  <testcase classname="admin.uat.battlexo.com.CreateSpaceTest" name="createSpacePage" time="0.000">
    <skipped/>
  </testcase> <!-- createSpacePage -->
  <system-out/>
  <testcase classname="admin.uat.battlexo.com.CreateSpaceTest" name="createSpacePage" time="0.000">
    <skipped/>
  </testcase> <!-- createSpacePage -->
  <system-out/>
  <testcase classname="admin.uat.battlexo.com.CreateSpaceTest" name="createSpacePage" time="0.000">
    <skipped/>
  </testcase> <!-- createSpacePage -->
  <system-out/>
  <testcase classname="admin.uat.battlexo.com.CreateSpaceTest" name="createSpacePage" time="11.617"/>
  <system-out/>
  <testcase classname="admin.uat.battlexo.com.CreateSpaceTest" name="createSpacePage" time="0.000">
    <skipped/>
  </testcase> <!-- createSpacePage -->
  <system-out/>
  <testcase classname="admin.uat.battlexo.com.CreateSpaceTest" name="createSpacePage" time="0.000">
    <skipped/>
  </testcase> <!-- createSpacePage -->
  <system-out/>
  <testcase classname="admin.uat.battlexo.com.CreateSpaceTest" name="createSpacePage" time="0.000">
    <skipped/>
  </testcase> <!-- createSpacePage -->
  <system-out/>
  <testcase classname="admin.uat.battlexo.com.CreateSpaceTest" name="createSpacePage" time="0.000">
    <skipped/>
  </testcase> <!-- createSpacePage -->
  <system-out/>
  <testcase classname="admin.uat.battlexo.com.CreateSpaceTest" name="createSpacePage" time="11.606"/>
  <system-out/>
  <testcase classname="admin.uat.battlexo.com.CreateSpaceTest" name="createSpacePage" time="0.000">
    <skipped/>
  </testcase> <!-- createSpacePage -->
  <system-out/>
  <testcase classname="admin.uat.battlexo.com.CreateSpaceTest" name="createSpacePage" time="0.000">
    <skipped/>
  </testcase> <!-- createSpacePage -->
  <system-out/>
  <testcase classname="admin.uat.battlexo.com.CreateSpaceTest" name="createSpacePage" time="0.000">
    <skipped/>
  </testcase> <!-- createSpacePage -->
  <system-out/>
  <testcase classname="admin.uat.battlexo.com.CreateSpaceTest" name="createSpacePage" time="0.000">
    <skipped/>
  </testcase> <!-- createSpacePage -->
  <system-out/>
  <testcase classname="admin.uat.battlexo.com.CreateSpaceTest" name="createSpacePage" time="0.000">
    <skipped/>
  </testcase> <!-- createSpacePage -->
  <system-out/>
  <testcase classname="admin.uat.battlexo.com.CreateSpaceTest" name="createSpacePage" time="0.000">
    <skipped/>
  </testcase> <!-- createSpacePage -->
  <system-out/>
  <testcase classname="admin.uat.battlexo.com.CreateSpaceTest" name="createSpacePage" time="0.000">
    <skipped/>
  </testcase> <!-- createSpacePage -->
  <system-out/>
  <testcase classname="admin.uat.battlexo.com.CreateSpaceTest" name="createSpacePage" time="0.000">
    <skipped/>
  </testcase> <!-- createSpacePage -->
  <system-out/>
  <testcase classname="admin.uat.battlexo.com.CreateSpaceTest" name="createSpacePage" time="0.000">
    <skipped/>
  </testcase> <!-- createSpacePage -->
  <system-out/>
  <testcase classname="admin.uat.battlexo.com.CreateSpaceTest" name="createSpacePage" time="0.000">
    <skipped/>
  </testcase> <!-- createSpacePage -->
  <system-out/>
  <testcase classname="admin.uat.battlexo.com.CreateSpaceTest" name="createSpacePage" time="11.666"/>
  <system-out/>
  <testcase classname="admin.uat.battlexo.com.CreateSpaceTest" name="createSpacePage" time="0.000">
    <skipped/>
  </testcase> <!-- createSpacePage -->
  <system-out/>
  <testcase classname="admin.uat.battlexo.com.CreateSpaceTest" name="createSpacePage" time="0.000">
    <skipped/>
  </testcase> <!-- createSpacePage -->
  <system-out/>
  <testcase classname="admin.uat.battlexo.com.CreateSpaceTest" name="createSpacePage" time="0.000">
    <skipped/>
  </testcase> <!-- createSpacePage -->
  <system-out/>
  <testcase classname="admin.uat.battlexo.com.CreateSpaceTest" name="createSpacePage" time="0.000">
    <skipped/>
  </testcase> <!-- createSpacePage -->
  <system-out/>
  <testcase classname="admin.uat.battlexo.com.CreateSpaceTest" name="createSpacePage" time="0.000">
    <skipped/>
  </testcase> <!-- createSpacePage -->
  <system-out/>
  <testcase classname="admin.uat.battlexo.com.CreateSpaceTest" name="createSpacePage" time="0.000">
    <skipped/>
  </testcase> <!-- createSpacePage -->
  <system-out/>
  <testcase classname="admin.uat.battlexo.com.CreateSpaceTest" name="createSpacePage" time="11.600"/>
  <system-out/>
  <testcase classname="admin.uat.battlexo.com.CreateSpaceTest" name="createSpacePage" time="0.000">
    <skipped/>
  </testcase> <!-- createSpacePage -->
  <system-out/>
  <testcase classname="admin.uat.battlexo.com.CreateSpaceTest" name="createSpacePage" time="0.000">
    <skipped/>
  </testcase> <!-- createSpacePage -->
  <system-out/>
  <testcase classname="admin.uat.battlexo.com.CreateSpaceTest" name="createSpacePage" time="0.000">
    <skipped/>
  </testcase> <!-- createSpacePage -->
  <system-out/>
  <testcase classname="admin.uat.battlexo.com.CreateSpaceTest" name="createSpacePage" time="0.000">
    <skipped/>
  </testcase> <!-- createSpacePage -->
  <system-out/>
  <testcase classname="admin.uat.battlexo.com.CreateSpaceTest" name="createSpacePage" time="0.000">
    <skipped/>
  </testcase> <!-- createSpacePage -->
  <system-out/>
  <testcase classname="admin.uat.battlexo.com.CreateSpaceTest" name="createSpacePage" time="0.000">
    <skipped/>
  </testcase> <!-- createSpacePage -->
  <system-out/>
  <testcase classname="admin.uat.battlexo.com.CreateSpaceTest" name="createSpacePage" time="0.000">
    <skipped/>
  </testcase> <!-- createSpacePage -->
  <system-out/>
  <testcase classname="admin.uat.battlexo.com.CreateSpaceTest" name="createSpacePage" time="0.000">
    <skipped/>
  </testcase> <!-- createSpacePage -->
  <system-out/>
  <testcase classname="admin.uat.battlexo.com.CreateSpaceTest" name="createSpacePage" time="0.000">
    <skipped/>
  </testcase> <!-- createSpacePage -->
  <system-out/>
  <testcase classname="admin.uat.battlexo.com.CreateSpaceTest" name="createSpacePage" time="0.000">
    <skipped/>
  </testcase> <!-- createSpacePage -->
  <system-out/>
  <testcase classname="admin.uat.battlexo.com.CreateSpaceTest" name="createSpacePage" time="0.000">
    <skipped/>
  </testcase> <!-- createSpacePage -->
  <system-out/>
  <testcase classname="admin.uat.battlexo.com.CreateSpaceTest" name="createSpacePage" time="0.000">
    <skipped/>
  </testcase> <!-- createSpacePage -->
  <system-out/>
  <testcase classname="admin.uat.battlexo.com.CreateSpaceTest" name="createSpacePage" time="0.000">
    <skipped/>
  </testcase> <!-- createSpacePage -->
  <system-out/>
  <testcase classname="admin.uat.battlexo.com.CreateSpaceTest" name="createSpacePage" time="0.000">
    <skipped/>
  </testcase> <!-- createSpacePage -->
  <system-out/>
  <testcase classname="admin.uat.battlexo.com.CreateSpaceTest" name="createSpacePage" time="0.000">
    <skipped/>
  </testcase> <!-- createSpacePage -->
  <system-out/>
  <testcase classname="admin.uat.battlexo.com.CreateSpaceTest" name="createSpacePage" time="0.000">
    <skipped/>
  </testcase> <!-- createSpacePage -->
  <system-out/>
  <testcase classname="admin.uat.battlexo.com.CreateSpaceTest" name="createSpacePage" time="0.000">
    <skipped/>
  </testcase> <!-- createSpacePage -->
  <system-out/>
  <testcase classname="admin.uat.battlexo.com.CreateSpaceTest" name="createSpacePage" time="0.000">
    <skipped/>
  </testcase> <!-- createSpacePage -->
  <system-out/>
  <testcase classname="admin.uat.battlexo.com.CreateSpaceTest" name="createSpacePage" time="11.681"/>
  <system-out/>
  <testcase classname="admin.uat.battlexo.com.CreateSpaceTest" name="createSpacePage" time="0.000">
    <skipped/>
  </testcase> <!-- createSpacePage -->
  <system-out/>
  <testcase classname="admin.uat.battlexo.com.CreateSpaceTest" name="createSpacePage" time="0.000">
    <skipped/>
  </testcase> <!-- createSpacePage -->
  <system-out/>
  <testcase classname="admin.uat.battlexo.com.CreateSpaceTest" name="createSpacePage" time="0.000">
    <skipped/>
  </testcase> <!-- createSpacePage -->
  <system-out/>
  <testcase classname="admin.uat.battlexo.com.CreateSpaceTest" name="createSpacePage" time="0.000">
    <skipped/>
  </testcase> <!-- createSpacePage -->
  <system-out/>
  <testcase classname="admin.uat.battlexo.com.CreateSpaceTest" name="createSpacePage" time="0.000">
    <skipped/>
  </testcase> <!-- createSpacePage -->
  <system-out/>
  <testcase classname="admin.uat.battlexo.com.CreateSpaceTest" name="createSpacePage" time="0.000">
    <skipped/>
  </testcase> <!-- createSpacePage -->
  <system-out/>
  <testcase classname="admin.uat.battlexo.com.CreateSpaceTest" name="createSpacePage" time="0.000">
    <skipped/>
  </testcase> <!-- createSpacePage -->
  <system-out/>
  <testcase classname="admin.uat.battlexo.com.CreateSpaceTest" name="createSpacePage" time="0.000">
    <skipped/>
  </testcase> <!-- createSpacePage -->
  <system-out/>
  <testcase classname="admin.uat.battlexo.com.CreateSpaceTest" name="createSpacePage" time="0.000">
    <skipped/>
  </testcase> <!-- createSpacePage -->
  <system-out/>
  <testcase classname="admin.uat.battlexo.com.CreateSpaceTest" name="createSpacePage" time="0.000">
    <skipped/>
  </testcase> <!-- createSpacePage -->
  <system-out/>
  <testcase classname="admin.uat.battlexo.com.CreateSpaceTest" name="createSpacePage" time="0.000">
    <skipped/>
  </testcase> <!-- createSpacePage -->
  <system-out/>
  <testcase classname="admin.uat.battlexo.com.CreateSpaceTest" name="createSpacePage" time="11.623"/>
  <system-out/>
  <testcase classname="admin.uat.battlexo.com.CreateSpaceTest" name="createSpacePage" time="0.000">
    <skipped/>
  </testcase> <!-- createSpacePage -->
  <system-out/>
  <testcase classname="admin.uat.battlexo.com.CreateSpaceTest" name="createSpacePage" time="0.000">
    <skipped/>
  </testcase> <!-- createSpacePage -->
  <system-out/>
  <testcase classname="admin.uat.battlexo.com.CreateSpaceTest" name="createSpacePage" time="0.000">
    <skipped/>
  </testcase> <!-- createSpacePage -->
  <system-out/>
  <testcase classname="admin.uat.battlexo.com.CreateSpaceTest" name="createSpacePage" time="0.000">
    <skipped/>
  </testcase> <!-- createSpacePage -->
  <system-out/>
  <testcase classname="admin.uat.battlexo.com.CreateSpaceTest" name="createSpacePage" time="0.000">
    <skipped/>
  </testcase> <!-- createSpacePage -->
  <system-out/>
  <testcase classname="admin.uat.battlexo.com.CreateSpaceTest" name="createSpacePage" time="0.000">
    <skipped/>
  </testcase> <!-- createSpacePage -->
  <system-out/>
  <testcase classname="admin.uat.battlexo.com.CreateSpaceTest" name="createSpacePage" time="0.000">
    <skipped/>
  </testcase> <!-- createSpacePage -->
  <system-out/>
  <testcase classname="admin.uat.battlexo.com.CreateSpaceTest" name="createSpacePage" time="0.000">
    <skipped/>
  </testcase> <!-- createSpacePage -->
  <system-out/>
  <testcase classname="admin.uat.battlexo.com.CreateSpaceTest" name="createSpacePage" time="0.000">
    <skipped/>
  </testcase> <!-- createSpacePage -->
  <system-out/>
  <testcase classname="admin.uat.battlexo.com.CreateSpaceTest" name="createSpacePage" time="0.000">
    <skipped/>
  </testcase> <!-- createSpacePage -->
  <system-out/>
  <testcase classname="admin.uat.battlexo.com.CreateSpaceTest" name="createSpacePage" time="0.000">
    <skipped/>
  </testcase> <!-- createSpacePage -->
  <system-out/>
  <testcase classname="admin.uat.battlexo.com.CreateSpaceTest" name="createSpacePage" time="0.000">
    <skipped/>
  </testcase> <!-- createSpacePage -->
  <system-out/>
  <testcase classname="admin.uat.battlexo.com.CreateSpaceTest" name="createSpacePage" time="0.000">
    <skipped/>
  </testcase> <!-- createSpacePage -->
  <system-out/>
  <testcase classname="admin.uat.battlexo.com.CreateSpaceTest" name="createSpacePage" time="0.000">
    <skipped/>
  </testcase> <!-- createSpacePage -->
  <system-out/>
  <testcase classname="admin.uat.battlexo.com.CreateSpaceTest" name="createSpacePage" time="0.000">
    <skipped/>
  </testcase> <!-- createSpacePage -->
  <system-out/>
  <testcase classname="admin.uat.battlexo.com.CreateSpaceTest" name="createSpacePage" time="0.000">
    <skipped/>
  </testcase> <!-- createSpacePage -->
  <system-out/>
  <testcase classname="admin.uat.battlexo.com.CreateSpaceTest" name="BM" time="23.135">
    <error message="no such element: Unable to locate element: {&quot;method&quot;:&quot;xpath&quot;,&quot;selector&quot;:&quot;//input[@placeholder=&#039;Enter Username&#039;]&quot;}
  (Session info: chrome=109.0.5414.120)
For documentation on this error, please visit: https://www.seleniumhq.org/exceptions/no_such_element.html
Build info: version: &#039;3.141.59&#039;, revision: &#039;e82be7d358&#039;, time: &#039;2018-11-14T08:17:03&#039;
System info: host: &#039;LAPTOP-D1A03UK7&#039;, ip: &#039;192.168.29.12&#039;, os.name: &#039;Windows 11&#039;, os.arch: &#039;amd64&#039;, os.version: &#039;10.0&#039;, java.version: &#039;18.0.2.1&#039;
Driver info: org.openqa.selenium.chrome.ChromeDriver
Capabilities {acceptInsecureCerts: false, browserName: chrome, browserVersion: 109.0.5414.120, chrome: {chromedriverVersion: 109.0.5414.74 (e7c5703604da..., userDataDir: C:\Users\bhara\AppData\Loca...}, goog:chromeOptions: {debuggerAddress: localhost:58021}, javascriptEnabled: true, networkConnectionEnabled: false, pageLoadStrategy: normal, platform: WINDOWS, platformName: WINDOWS, proxy: Proxy(), setWindowRect: true, strictFileInteractability: false, timeouts: {implicit: 0, pageLoad: 300000, script: 30000}, unhandledPromptBehavior: dismiss and notify, webauthn:extension:credBlob: true, webauthn:extension:largeBlob: true, webauthn:virtualAuthenticators: true}
Session ID: df50bca06511f4900c89bb81c4b23228
*** Element info: {Using=xpath, value=//input[@placeholder=&#039;Enter Username&#039;]}" type="org.openqa.selenium.NoSuchElementException">
      <![CDATA[org.openqa.selenium.NoSuchElementException: no such element: Unable to locate element: {"method":"xpath","selector":"//input[@placeholder='Enter Username']"}
  (Session info: chrome=109.0.5414.120)
For documentation on this error, please visit: https://www.seleniumhq.org/exceptions/no_such_element.html
Build info: version: '3.141.59', revision: 'e82be7d358', time: '2018-11-14T08:17:03'
System info: host: 'LAPTOP-D1A03UK7', ip: '192.168.29.12', os.name: 'Windows 11', os.arch: 'amd64', os.version: '10.0', java.version: '18.0.2.1'
Driver info: org.openqa.selenium.chrome.ChromeDriver
Capabilities {acceptInsecureCerts: false, browserName: chrome, browserVersion: 109.0.5414.120, chrome: {chromedriverVersion: 109.0.5414.74 (e7c5703604da..., userDataDir: C:\Users\bhara\AppData\Loca...}, goog:chromeOptions: {debuggerAddress: localhost:58021}, javascriptEnabled: true, networkConnectionEnabled: false, pageLoadStrategy: normal, platform: WINDOWS, platformName: WINDOWS, proxy: Proxy(), setWindowRect: true, strictFileInteractability: false, timeouts: {implicit: 0, pageLoad: 300000, script: 30000}, unhandledPromptBehavior: dismiss and notify, webauthn:extension:credBlob: true, webauthn:extension:largeBlob: true, webauthn:virtualAuthenticators: true}
Session ID: df50bca06511f4900c89bb81c4b23228
*** Element info: {Using=xpath, value=//input[@placeholder='Enter Username']}
at java.base/jdk.internal.reflect.DirectConstructorHandleAccessor.newInstance(DirectConstructorHandleAccessor.java:67)
at java.base/java.lang.reflect.Constructor.newInstanceWithCaller(Constructor.java:499)
at java.base/java.lang.reflect.Constructor.newInstance(Constructor.java:483)
at org.openqa.selenium.remote.http.W3CHttpResponseCodec.createException(W3CHttpResponseCodec.java:187)
at org.openqa.selenium.remote.http.W3CHttpResponseCodec.decode(W3CHttpResponseCodec.java:122)
at org.openqa.selenium.remote.http.W3CHttpResponseCodec.decode(W3CHttpResponseCodec.java:49)
at org.openqa.selenium.remote.HttpCommandExecutor.execute(HttpCommandExecutor.java:158)
at org.openqa.selenium.remote.service.DriverCommandExecutor.execute(DriverCommandExecutor.java:83)
at org.openqa.selenium.remote.RemoteWebDriver.execute(RemoteWebDriver.java:552)
at org.openqa.selenium.remote.RemoteWebDriver.findElement(RemoteWebDriver.java:323)
at org.openqa.selenium.remote.RemoteWebDriver.findElementByXPath(RemoteWebDriver.java:428)
at org.openqa.selenium.By$ByXPath.findElement(By.java:353)
at org.openqa.selenium.remote.RemoteWebDriver.findElement(RemoteWebDriver.java:315)
at org.openqa.selenium.support.pagefactory.DefaultElementLocator.findElement(DefaultElementLocator.java:69)
at org.openqa.selenium.support.pagefactory.internal.LocatingElementHandler.invoke(LocatingElementHandler.java:38)
at jdk.proxy2/jdk.proxy2.$Proxy19.sendKeys(Unknown Source)
at adminObjectRepository.LoginPage.login(LoginPage.java:54)
at genericUtility.BaseClass.BM(BaseClass.java:75)
at java.base/jdk.internal.reflect.DirectMethodHandleAccessor.invoke(DirectMethodHandleAccessor.java:104)
at java.base/java.lang.reflect.Method.invoke(Method.java:577)
at org.testng.internal.MethodInvocationHelper.invokeMethod(MethodInvocationHelper.java:133)
at org.testng.internal.MethodInvocationHelper.invokeMethodConsideringTimeout(MethodInvocationHelper.java:62)
at org.testng.internal.ConfigInvoker.invokeConfigurationMethod(ConfigInvoker.java:385)
at org.testng.internal.ConfigInvoker.invokeConfigurations(ConfigInvoker.java:321)
at org.testng.internal.TestInvoker.runConfigMethods(TestInvoker.java:700)
at org.testng.internal.TestInvoker.invokeMethod(TestInvoker.java:527)
at org.testng.internal.TestInvoker.invokeTestMethod(TestInvoker.java:173)
at org.testng.internal.MethodRunner.runInSequence(MethodRunner.java:46)
at org.testng.internal.TestInvoker$MethodInvocationAgent.invoke(TestInvoker.java:824)
at org.testng.internal.TestInvoker.invokeTestMethods(TestInvoker.java:146)
at org.testng.internal.TestMethodWorker.invokeTestMethods(TestMethodWorker.java:146)
at org.testng.internal.TestMethodWorker.run(TestMethodWorker.java:128)
at java.base/java.util.ArrayList.forEach(ArrayList.java:1511)
at org.testng.TestRunner.privateRun(TestRunner.java:794)
at org.testng.TestRunner.run(TestRunner.java:596)
at org.testng.SuiteRunner.runTest(SuiteRunner.java:377)
at org.testng.SuiteRunner.runSequentially(SuiteRunner.java:371)
at org.testng.SuiteRunner.privateRun(SuiteRunner.java:332)
at org.testng.SuiteRunner.run(SuiteRunner.java:276)
at org.testng.SuiteRunnerWorker.runSuite(SuiteRunnerWorker.java:53)
at org.testng.SuiteRunnerWorker.run(SuiteRunnerWorker.java:96)
at org.testng.TestNG.runSuitesSequentially(TestNG.java:1212)
at org.testng.TestNG.runSuitesLocally(TestNG.java:1134)
at org.testng.TestNG.runSuites(TestNG.java:1063)
at org.testng.TestNG.run(TestNG.java:1031)
at org.testng.remote.AbstractRemoteTestNG.run(AbstractRemoteTestNG.java:115)
at org.testng.remote.RemoteTestNG.initAndRun(RemoteTestNG.java:251)
at org.testng.remote.RemoteTestNG.main(RemoteTestNG.java:77)
]]>
    </error>
  </testcase> <!-- BM -->
  <system-out/>
  <testcase classname="admin.uat.battlexo.com.CreateSpaceTest" name="createSpacePage" time="0.000">
    <skipped/>
  </testcase> <!-- createSpacePage -->
  <system-out/>
  <testcase classname="admin.uat.battlexo.com.CreateSpaceTest" name="createSpacePage" time="0.000">
    <skipped/>
  </testcase> <!-- createSpacePage -->
  <system-out/>
  <testcase classname="admin.uat.battlexo.com.CreateSpaceTest" name="createSpacePage" time="0.000">
    <skipped/>
  </testcase> <!-- createSpacePage -->
  <system-out/>
  <testcase classname="admin.uat.battlexo.com.CreateSpaceTest" name="createSpacePage" time="0.000">
    <skipped/>
  </testcase> <!-- createSpacePage -->
  <system-out/>
  <testcase classname="admin.uat.battlexo.com.CreateSpaceTest" name="createSpacePage" time="0.000">
    <skipped/>
  </testcase> <!-- createSpacePage -->
  <system-out/>
  <testcase classname="admin.uat.battlexo.com.CreateSpaceTest" name="createSpacePage" time="0.000">
    <skipped/>
  </testcase> <!-- createSpacePage -->
  <system-out/>
  <testcase classname="admin.uat.battlexo.com.CreateSpaceTest" name="createSpacePage" time="0.000">
    <skipped/>
  </testcase> <!-- createSpacePage -->
  <system-out/>
  <testcase classname="admin.uat.battlexo.com.CreateSpaceTest" name="createSpacePage" time="11.586"/>
  <system-out/>
  <testcase classname="admin.uat.battlexo.com.CreateSpaceTest" name="createSpacePage" time="0.000">
    <skipped/>
  </testcase> <!-- createSpacePage -->
  <system-out/>
  <testcase classname="admin.uat.battlexo.com.CreateSpaceTest" name="createSpacePage" time="0.000">
    <skipped/>
  </testcase> <!-- createSpacePage -->
  <system-out/>
  <testcase classname="admin.uat.battlexo.com.CreateSpaceTest" name="createSpacePage" time="0.000">
    <skipped/>
  </testcase> <!-- createSpacePage -->
  <system-out/>
  <testcase classname="admin.uat.battlexo.com.CreateSpaceTest" name="createSpacePage" time="0.000">
    <skipped/>
  </testcase> <!-- createSpacePage -->
  <system-out/>
  <testcase classname="admin.uat.battlexo.com.CreateSpaceTest" name="createSpacePage" time="0.000">
    <skipped/>
  </testcase> <!-- createSpacePage -->
  <system-out/>
  <testcase classname="admin.uat.battlexo.com.CreateSpaceTest" name="createSpacePage" time="0.000">
    <skipped/>
  </testcase> <!-- createSpacePage -->
  <system-out/>
  <testcase classname="admin.uat.battlexo.com.CreateSpaceTest" name="createSpacePage" time="0.000">
    <skipped/>
  </testcase> <!-- createSpacePage -->
  <system-out/>
  <testcase classname="admin.uat.battlexo.com.CreateSpaceTest" name="createSpacePage" time="0.000">
    <skipped/>
  </testcase> <!-- createSpacePage -->
  <system-out/>
  <testcase classname="admin.uat.battlexo.com.CreateSpaceTest" name="createSpacePage" time="0.000">
    <skipped/>
  </testcase> <!-- createSpacePage -->
  <system-out/>
  <testcase classname="admin.uat.battlexo.com.CreateSpaceTest" name="createSpacePage" time="0.000">
    <skipped/>
  </testcase> <!-- createSpacePage -->
  <system-out/>
  <testcase classname="admin.uat.battlexo.com.CreateSpaceTest" name="createSpacePage" time="0.000">
    <skipped/>
  </testcase> <!-- createSpacePage -->
  <system-out/>
  <testcase classname="admin.uat.battlexo.com.CreateSpaceTest" name="createSpacePage" time="0.000">
    <skipped/>
  </testcase> <!-- createSpacePage -->
  <system-out/>
  <testcase classname="admin.uat.battlexo.com.CreateSpaceTest" name="createSpacePage" time="11.587"/>
  <system-out/>
  <testcase classname="admin.uat.battlexo.com.CreateSpaceTest" name="createSpacePage" time="0.000">
    <skipped/>
  </testcase> <!-- createSpacePage -->
  <system-out/>
  <testcase classname="admin.uat.battlexo.com.CreateSpaceTest" name="createSpacePage" time="0.000">
    <skipped/>
  </testcase> <!-- createSpacePage -->
  <system-out/>
  <testcase classname="admin.uat.battlexo.com.CreateSpaceTest" name="createSpacePage" time="0.000">
    <skipped/>
  </testcase> <!-- createSpacePage -->
  <system-out/>
  <testcase classname="admin.uat.battlexo.com.CreateSpaceTest" name="createSpacePage" time="0.000">
    <skipped/>
  </testcase> <!-- createSpacePage -->
  <system-out/>
  <testcase classname="admin.uat.battlexo.com.CreateSpaceTest" name="createSpacePage" time="0.000">
    <skipped/>
  </testcase> <!-- createSpacePage -->
  <system-out/>
  <testcase classname="admin.uat.battlexo.com.CreateSpaceTest" name="createSpacePage" time="0.000">
    <skipped/>
  </testcase> <!-- createSpacePage -->
  <system-out/>
  <testcase classname="admin.uat.battlexo.com.CreateSpaceTest" name="createSpacePage" time="0.000">
    <skipped/>
  </testcase> <!-- createSpacePage -->
  <system-out/>
  <testcase classname="admin.uat.battlexo.com.CreateSpaceTest" name="createSpacePage" time="0.000">
    <skipped/>
  </testcase> <!-- createSpacePage -->
  <system-out/>
  <testcase classname="admin.uat.battlexo.com.CreateSpaceTest" name="createSpacePage" time="0.000">
    <skipped/>
  </testcase> <!-- createSpacePage -->
  <system-out/>
  <testcase classname="admin.uat.battlexo.com.CreateSpaceTest" name="createSpacePage" time="11.705"/>
  <system-out/>
  <testcase classname="admin.uat.battlexo.com.CreateSpaceTest" name="createSpacePage" time="0.000">
    <skipped/>
  </testcase> <!-- createSpacePage -->
  <system-out/>
  <testcase classname="admin.uat.battlexo.com.CreateSpaceTest" name="createSpacePage" time="0.000">
    <skipped/>
  </testcase> <!-- createSpacePage -->
  <system-out/>
  <testcase classname="admin.uat.battlexo.com.CreateSpaceTest" name="createSpacePage" time="0.000">
    <skipped/>
  </testcase> <!-- createSpacePage -->
  <system-out/>
  <testcase classname="admin.uat.battlexo.com.CreateSpaceTest" name="createSpacePage" time="0.000">
    <skipped/>
  </testcase> <!-- createSpacePage -->
  <system-out/>
  <testcase classname="admin.uat.battlexo.com.CreateSpaceTest" name="createSpacePage" time="0.000">
    <skipped/>
  </testcase> <!-- createSpacePage -->
  <system-out/>
  <testcase classname="admin.uat.battlexo.com.CreateSpaceTest" name="createSpacePage" time="0.000">
    <skipped/>
  </testcase> <!-- createSpacePage -->
  <system-out/>
  <testcase classname="admin.uat.battlexo.com.CreateSpaceTest" name="createSpacePage" time="0.000">
    <skipped/>
  </testcase> <!-- createSpacePage -->
  <system-out/>
  <testcase classname="admin.uat.battlexo.com.CreateSpaceTest" name="createSpacePage" time="0.000">
    <skipped/>
  </testcase> <!-- createSpacePage -->
  <system-out/>
  <testcase classname="admin.uat.battlexo.com.CreateSpaceTest" name="createSpacePage" time="0.000">
    <skipped/>
  </testcase> <!-- createSpacePage -->
  <system-out/>
  <testcase classname="admin.uat.battlexo.com.CreateSpaceTest" name="createSpacePage" time="0.000">
    <skipped/>
  </testcase> <!-- createSpacePage -->
  <system-out/>
  <testcase classname="admin.uat.battlexo.com.CreateSpaceTest" name="createSpacePage" time="0.000">
    <skipped/>
  </testcase> <!-- createSpacePage -->
  <system-out/>
  <testcase classname="admin.uat.battlexo.com.CreateSpaceTest" name="createSpacePage" time="0.000">
    <skipped/>
  </testcase> <!-- createSpacePage -->
  <system-out/>
  <testcase classname="admin.uat.battlexo.com.CreateSpaceTest" name="createSpacePage" time="0.000">
    <skipped/>
  </testcase> <!-- createSpacePage -->
  <system-out/>
  <testcase classname="admin.uat.battlexo.com.CreateSpaceTest" name="createSpacePage" time="0.000">
    <skipped/>
  </testcase> <!-- createSpacePage -->
  <system-out/>
  <testcase classname="admin.uat.battlexo.com.CreateSpaceTest" name="createSpacePage" time="0.000">
    <skipped/>
  </testcase> <!-- createSpacePage -->
  <system-out/>
  <testcase classname="admin.uat.battlexo.com.CreateSpaceTest" name="createSpacePage" time="0.000">
    <skipped/>
  </testcase> <!-- createSpacePage -->
  <system-out/>
  <testcase classname="admin.uat.battlexo.com.CreateSpaceTest" name="createSpacePage" time="0.000">
    <skipped/>
  </testcase> <!-- createSpacePage -->
  <system-out/>
  <testcase classname="admin.uat.battlexo.com.CreateSpaceTest" name="createSpacePage" time="0.000">
    <skipped/>
  </testcase> <!-- createSpacePage -->
  <system-out/>
  <testcase classname="admin.uat.battlexo.com.CreateSpaceTest" name="createSpacePage" time="0.000">
    <skipped/>
  </testcase> <!-- createSpacePage -->
  <system-out/>
  <testcase classname="admin.uat.battlexo.com.CreateSpaceTest" name="createSpacePage" time="11.676"/>
  <system-out/>
  <testcase classname="admin.uat.battlexo.com.CreateSpaceTest" name="createSpacePage" time="0.000">
    <skipped/>
  </testcase> <!-- createSpacePage -->
  <system-out/>
  <testcase classname="admin.uat.battlexo.com.CreateSpaceTest" name="createSpacePage" time="0.000">
    <skipped/>
  </testcase> <!-- createSpacePage -->
  <system-out/>
  <testcase classname="admin.uat.battlexo.com.CreateSpaceTest" name="createSpacePage" time="0.000">
    <skipped/>
  </testcase> <!-- createSpacePage -->
  <system-out/>
  <testcase classname="admin.uat.battlexo.com.CreateSpaceTest" name="createSpacePage" time="0.000">
    <skipped/>
  </testcase> <!-- createSpacePage -->
  <system-out/>
  <testcase classname="admin.uat.battlexo.com.CreateSpaceTest" name="createSpacePage" time="11.594"/>
  <system-out/>
  <testcase classname="admin.uat.battlexo.com.CreateSpaceTest" name="createSpacePage" time="0.000">
    <skipped/>
  </testcase> <!-- createSpacePage -->
  <system-out/>
  <testcase classname="admin.uat.battlexo.com.CreateSpaceTest" name="createSpacePage" time="0.000">
    <skipped/>
  </testcase> <!-- createSpacePage -->
  <system-out/>
  <testcase classname="admin.uat.battlexo.com.CreateSpaceTest" name="createSpacePage" time="0.000">
    <skipped/>
  </testcase> <!-- createSpacePage -->
  <system-out/>
  <testcase classname="admin.uat.battlexo.com.CreateSpaceTest" name="createSpacePage" time="11.603"/>
  <system-out/>
  <testcase classname="admin.uat.battlexo.com.CreateSpaceTest" name="createSpacePage" time="0.000">
    <skipped/>
  </testcase> <!-- createSpacePage -->
  <system-out/>
  <testcase classname="admin.uat.battlexo.com.CreateSpaceTest" name="createSpacePage" time="0.000">
    <skipped/>
  </testcase> <!-- createSpacePage -->
  <system-out/>
  <testcase classname="admin.uat.battlexo.com.CreateSpaceTest" name="createSpacePage" time="0.000">
    <skipped/>
  </testcase> <!-- createSpacePage -->
  <system-out/>
  <testcase classname="admin.uat.battlexo.com.CreateSpaceTest" name="createSpacePage" time="0.000">
    <skipped/>
  </testcase> <!-- createSpacePage -->
  <system-out/>
  <testcase classname="admin.uat.battlexo.com.CreateSpaceTest" name="createSpacePage" time="11.600"/>
  <system-out/>
  <testcase classname="admin.uat.battlexo.com.CreateSpaceTest" name="createSpacePage" time="0.000">
    <skipped/>
  </testcase> <!-- createSpacePage -->
  <system-out/>
  <testcase classname="admin.uat.battlexo.com.CreateSpaceTest" name="createSpacePage" time="0.000">
    <skipped/>
  </testcase> <!-- createSpacePage -->
  <system-out/>
  <testcase classname="admin.uat.battlexo.com.CreateSpaceTest" name="createSpacePage" time="0.000">
    <skipped/>
  </testcase> <!-- createSpacePage -->
  <system-out/>
  <testcase classname="admin.uat.battlexo.com.CreateSpaceTest" name="createSpacePage" time="11.670"/>
  <system-out/>
  <testcase classname="admin.uat.battlexo.com.CreateSpaceTest" name="createSpacePage" time="0.000">
    <skipped/>
  </testcase> <!-- createSpacePage -->
  <system-out/>
  <testcase classname="admin.uat.battlexo.com.CreateSpaceTest" name="createSpacePage" time="0.000">
    <skipped/>
  </testcase> <!-- createSpacePage -->
  <system-out/>
  <testcase classname="admin.uat.battlexo.com.CreateSpaceTest" name="createSpacePage" time="0.000">
    <skipped/>
  </testcase> <!-- createSpacePage -->
  <system-out/>
  <testcase classname="admin.uat.battlexo.com.CreateSpaceTest" name="createSpacePage" time="0.000">
    <skipped/>
  </testcase> <!-- createSpacePage -->
  <system-out/>
  <testcase classname="admin.uat.battlexo.com.CreateSpaceTest" name="createSpacePage" time="0.000">
    <skipped/>
  </testcase> <!-- createSpacePage -->
  <system-out/>
  <testcase classname="admin.uat.battlexo.com.CreateSpaceTest" name="createSpacePage" time="0.000">
    <skipped/>
  </testcase> <!-- createSpacePage -->
  <system-out/>
  <testcase classname="admin.uat.battlexo.com.CreateSpaceTest" name="createSpacePage" time="11.847"/>
  <system-out/>
  <testcase classname="admin.uat.battlexo.com.CreateSpaceTest" name="createSpacePage" time="0.000">
    <skipped/>
  </testcase> <!-- createSpacePage -->
  <system-out/>
  <testcase classname="admin.uat.battlexo.com.CreateSpaceTest" name="createSpacePage" time="0.000">
    <skipped/>
  </testcase> <!-- createSpacePage -->
  <system-out/>
  <testcase classname="admin.uat.battlexo.com.CreateSpaceTest" name="createSpacePage" time="0.000">
    <skipped/>
  </testcase> <!-- createSpacePage -->
  <system-out/>
  <testcase classname="admin.uat.battlexo.com.CreateSpaceTest" name="createSpacePage" time="0.000">
    <skipped/>
  </testcase> <!-- createSpacePage -->
  <system-out/>
  <testcase classname="admin.uat.battlexo.com.CreateSpaceTest" name="createSpacePage" time="0.000">
    <skipped/>
  </testcase> <!-- createSpacePage -->
  <system-out/>
  <testcase classname="admin.uat.battlexo.com.CreateSpaceTest" name="createSpacePage" time="0.000">
    <skipped/>
  </testcase> <!-- createSpacePage -->
  <system-out/>
  <testcase classname="admin.uat.battlexo.com.CreateSpaceTest" name="createSpacePage" time="0.000">
    <skipped/>
  </testcase> <!-- createSpacePage -->
  <system-out/>
  <testcase classname="admin.uat.battlexo.com.CreateSpaceTest" name="createSpacePage" time="0.000">
    <skipped/>
  </testcase> <!-- createSpacePage -->
  <system-out/>
  <testcase classname="admin.uat.battlexo.com.CreateSpaceTest" name="createSpacePage" time="0.000">
    <skipped/>
  </testcase> <!-- createSpacePage -->
  <system-out/>
  <testcase classname="admin.uat.battlexo.com.CreateSpaceTest" name="createSpacePage" time="0.000">
    <skipped/>
  </testcase> <!-- createSpacePage -->
  <system-out/>
  <testcase classname="admin.uat.battlexo.com.CreateSpaceTest" name="createSpacePage" time="0.000">
    <skipped/>
  </testcase> <!-- createSpacePage -->
  <system-out/>
  <testcase classname="admin.uat.battlexo.com.CreateSpaceTest" name="createSpacePage" time="0.000">
    <skipped/>
  </testcase> <!-- createSpacePage -->
  <system-out/>
  <testcase classname="admin.uat.battlexo.com.CreateSpaceTest" name="createSpacePage" time="0.000">
    <skipped/>
  </testcase> <!-- createSpacePage -->
  <system-out/>
  <testcase classname="admin.uat.battlexo.com.CreateSpaceTest" name="createSpacePage" time="0.000">
    <skipped/>
  </testcase> <!-- createSpacePage -->
  <system-out/>
  <testcase classname="admin.uat.battlexo.com.CreateSpaceTest" name="createSpacePage" time="0.000">
    <skipped/>
  </testcase> <!-- createSpacePage -->
  <system-out/>
  <testcase classname="admin.uat.battlexo.com.CreateSpaceTest" name="createSpacePage" time="0.000">
    <skipped/>
  </testcase> <!-- createSpacePage -->
  <system-out/>
  <testcase classname="admin.uat.battlexo.com.CreateSpaceTest" name="createSpacePage" time="0.000">
    <skipped/>
  </testcase> <!-- createSpacePage -->
  <system-out/>
  <testcase classname="admin.uat.battlexo.com.CreateSpaceTest" name="createSpacePage" time="31.493">
    <error message="element not interactable
  (Session info: chrome=109.0.5414.120)
Build info: version: &#039;3.141.59&#039;, revision: &#039;e82be7d358&#039;, time: &#039;2018-11-14T08:17:03&#039;
System info: host: &#039;LAPTOP-D1A03UK7&#039;, ip: &#039;192.168.29.12&#039;, os.name: &#039;Windows 11&#039;, os.arch: &#039;amd64&#039;, os.version: &#039;10.0&#039;, java.version: &#039;18.0.2.1&#039;
Driver info: org.openqa.selenium.chrome.ChromeDriver
Capabilities {acceptInsecureCerts: false, browserName: chrome, browserVersion: 109.0.5414.120, chrome: {chromedriverVersion: 109.0.5414.74 (e7c5703604da..., userDataDir: C:\Users\bhara\AppData\Loca...}, goog:chromeOptions: {debuggerAddress: localhost:58021}, javascriptEnabled: true, networkConnectionEnabled: false, pageLoadStrategy: normal, platform: WINDOWS, platformName: WINDOWS, proxy: Proxy(), setWindowRect: true, strictFileInteractability: false, timeouts: {implicit: 0, pageLoad: 300000, script: 30000}, unhandledPromptBehavior: dismiss and notify, webauthn:extension:credBlob: true, webauthn:extension:largeBlob: true, webauthn:virtualAuthenticators: true}
Session ID: df50bca06511f4900c89bb81c4b23228" type="org.openqa.selenium.ElementNotInteractableException">
      <![CDATA[org.openqa.selenium.ElementNotInteractableException: element not interactable
  (Session info: chrome=109.0.5414.120)
Build info: version: '3.141.59', revision: 'e82be7d358', time: '2018-11-14T08:17:03'
System info: host: 'LAPTOP-D1A03UK7', ip: '192.168.29.12', os.name: 'Windows 11', os.arch: 'amd64', os.version: '10.0', java.version: '18.0.2.1'
Driver info: org.openqa.selenium.chrome.ChromeDriver
Capabilities {acceptInsecureCerts: false, browserName: chrome, browserVersion: 109.0.5414.120, chrome: {chromedriverVersion: 109.0.5414.74 (e7c5703604da..., userDataDir: C:\Users\bhara\AppData\Loca...}, goog:chromeOptions: {debuggerAddress: localhost:58021}, javascriptEnabled: true, networkConnectionEnabled: false, pageLoadStrategy: normal, platform: WINDOWS, platformName: WINDOWS, proxy: Proxy(), setWindowRect: true, strictFileInteractability: false, timeouts: {implicit: 0, pageLoad: 300000, script: 30000}, unhandledPromptBehavior: dismiss and notify, webauthn:extension:credBlob: true, webauthn:extension:largeBlob: true, webauthn:virtualAuthenticators: true}
Session ID: df50bca06511f4900c89bb81c4b23228
at java.base/jdk.internal.reflect.DirectConstructorHandleAccessor.newInstance(DirectConstructorHandleAccessor.java:67)
at java.base/java.lang.reflect.Constructor.newInstanceWithCaller(Constructor.java:499)
at java.base/java.lang.reflect.Constructor.newInstance(Constructor.java:483)
at org.openqa.selenium.remote.http.W3CHttpResponseCodec.createException(W3CHttpResponseCodec.java:187)
at org.openqa.selenium.remote.http.W3CHttpResponseCodec.decode(W3CHttpResponseCodec.java:122)
at org.openqa.selenium.remote.http.W3CHttpResponseCodec.decode(W3CHttpResponseCodec.java:49)
at org.openqa.selenium.remote.HttpCommandExecutor.execute(HttpCommandExecutor.java:158)
at org.openqa.selenium.remote.service.DriverCommandExecutor.execute(DriverCommandExecutor.java:83)
at org.openqa.selenium.remote.RemoteWebDriver.execute(RemoteWebDriver.java:552)
at org.openqa.selenium.remote.RemoteWebElement.execute(RemoteWebElement.java:285)
at org.openqa.selenium.remote.RemoteWebElement.click(RemoteWebElement.java:84)
at java.base/jdk.internal.reflect.DirectMethodHandleAccessor.invoke(DirectMethodHandleAccessor.java:104)
at java.base/java.lang.reflect.Method.invoke(Method.java:577)
at org.openqa.selenium.support.pagefactory.internal.LocatingElementHandler.invoke(LocatingElementHandler.java:51)
at jdk.proxy2/jdk.proxy2.$Proxy19.click(Unknown Source)
at adminObjectRepository.HomePage.logOut(HomePage.java:187)
at admin.uat.battlexo.com.CreateSpaceTest.createSpacePage(CreateSpaceTest.java:47)
at java.base/jdk.internal.reflect.DirectMethodHandleAccessor.invoke(DirectMethodHandleAccessor.java:104)
at java.base/java.lang.reflect.Method.invoke(Method.java:577)
at org.testng.internal.MethodInvocationHelper.invokeMethod(MethodInvocationHelper.java:133)
at org.testng.internal.TestInvoker.invokeMethod(TestInvoker.java:598)
at org.testng.internal.TestInvoker.invokeTestMethod(TestInvoker.java:173)
at org.testng.internal.MethodRunner.runInSequence(MethodRunner.java:46)
at org.testng.internal.TestInvoker$MethodInvocationAgent.invoke(TestInvoker.java:824)
at org.testng.internal.TestInvoker.invokeTestMethods(TestInvoker.java:146)
at org.testng.internal.TestMethodWorker.invokeTestMethods(TestMethodWorker.java:146)
at org.testng.internal.TestMethodWorker.run(TestMethodWorker.java:128)
at java.base/java.util.ArrayList.forEach(ArrayList.java:1511)
at org.testng.TestRunner.privateRun(TestRunner.java:794)
at org.testng.TestRunner.run(TestRunner.java:596)
at org.testng.SuiteRunner.runTest(SuiteRunner.java:377)
at org.testng.SuiteRunner.runSequentially(SuiteRunner.java:371)
at org.testng.SuiteRunner.privateRun(SuiteRunner.java:332)
at org.testng.SuiteRunner.run(SuiteRunner.java:276)
at org.testng.SuiteRunnerWorker.runSuite(SuiteRunnerWorker.java:53)
at org.testng.SuiteRunnerWorker.run(SuiteRunnerWorker.java:96)
at org.testng.TestNG.runSuitesSequentially(TestNG.java:1212)
at org.testng.TestNG.runSuitesLocally(TestNG.java:1134)
at org.testng.TestNG.runSuites(TestNG.java:1063)
at org.testng.TestNG.run(TestNG.java:1031)
at org.testng.remote.AbstractRemoteTestNG.run(AbstractRemoteTestNG.java:115)
at org.testng.remote.RemoteTestNG.initAndRun(RemoteTestNG.java:251)
at org.testng.remote.RemoteTestNG.main(RemoteTestNG.java:77)
]]>
    </error>
  </testcase> <!-- createSpacePage -->
  <system-out/>
  <testcase classname="admin.uat.battlexo.com.CreateSpaceTest" name="createSpacePage" time="0.000">
    <skipped/>
  </testcase> <!-- createSpacePage -->
  <system-out/>
  <testcase classname="admin.uat.battlexo.com.CreateSpaceTest" name="createSpacePage" time="0.000">
    <skipped/>
  </testcase> <!-- createSpacePage -->
  <system-out/>
  <testcase classname="admin.uat.battlexo.com.CreateSpaceTest" name="createSpacePage" time="0.000">
    <skipped/>
  </testcase> <!-- createSpacePage -->
  <system-out/>
  <testcase classname="admin.uat.battlexo.com.CreateSpaceTest" name="createSpacePage" time="0.000">
    <skipped/>
  </testcase> <!-- createSpacePage -->
  <system-out/>
  <testcase classname="admin.uat.battlexo.com.CreateSpaceTest" name="createSpacePage" time="0.000">
    <skipped/>
  </testcase> <!-- createSpacePage -->
  <system-out/>
  <testcase classname="admin.uat.battlexo.com.CreateSpaceTest" name="createSpacePage" time="0.000">
    <skipped/>
  </testcase> <!-- createSpacePage -->
  <system-out/>
  <testcase classname="admin.uat.battlexo.com.CreateSpaceTest" name="createSpacePage" time="0.000">
    <skipped/>
  </testcase> <!-- createSpacePage -->
  <system-out/>
  <testcase classname="admin.uat.battlexo.com.CreateSpaceTest" name="createSpacePage" time="0.000">
    <skipped/>
  </testcase> <!-- createSpacePage -->
  <system-out/>
  <testcase classname="admin.uat.battlexo.com.CreateSpaceTest" name="createSpacePage" time="0.000">
    <skipped/>
  </testcase> <!-- createSpacePage -->
  <system-out/>
  <testcase classname="admin.uat.battlexo.com.CreateSpaceTest" name="createSpacePage" time="0.000">
    <skipped/>
  </testcase> <!-- createSpacePage -->
  <system-out/>
  <testcase classname="admin.uat.battlexo.com.CreateSpaceTest" name="createSpacePage" time="0.000">
    <skipped/>
  </testcase> <!-- createSpacePage -->
  <system-out/>
  <testcase classname="admin.uat.battlexo.com.CreateSpaceTest" name="createSpacePage" time="0.000">
    <skipped/>
  </testcase> <!-- createSpacePage -->
  <system-out/>
  <testcase classname="admin.uat.battlexo.com.CreateSpaceTest" name="createSpacePage" time="0.000">
    <skipped/>
  </testcase> <!-- createSpacePage -->
  <system-out/>
  <testcase classname="admin.uat.battlexo.com.CreateSpaceTest" name="createSpacePage" time="0.000">
    <skipped/>
  </testcase> <!-- createSpacePage -->
  <system-out/>
  <testcase classname="admin.uat.battlexo.com.CreateSpaceTest" name="createSpacePage" time="0.000">
    <skipped/>
  </testcase> <!-- createSpacePage -->
  <system-out/>
  <testcase classname="admin.uat.battlexo.com.CreateSpaceTest" name="createSpacePage" time="0.000">
    <skipped/>
  </testcase> <!-- createSpacePage -->
  <system-out/>
  <testcase classname="admin.uat.battlexo.com.CreateSpaceTest" name="createSpacePage" time="0.000">
    <skipped/>
  </testcase> <!-- createSpacePage -->
  <system-out/>
  <testcase classname="admin.uat.battlexo.com.CreateSpaceTest" name="createSpacePage" time="0.000">
    <skipped/>
  </testcase> <!-- createSpacePage -->
  <system-out/>
  <testcase classname="admin.uat.battlexo.com.CreateSpaceTest" name="createSpacePage" time="0.000">
    <skipped/>
  </testcase> <!-- createSpacePage -->
  <system-out/>
  <testcase classname="admin.uat.battlexo.com.CreateSpaceTest" name="createSpacePage" time="0.000">
    <skipped/>
  </testcase> <!-- createSpacePage -->
  <system-out/>
  <testcase classname="admin.uat.battlexo.com.CreateSpaceTest" name="createSpacePage" time="0.000">
    <skipped/>
  </testcase> <!-- createSpacePage -->
  <system-out/>
  <testcase classname="admin.uat.battlexo.com.CreateSpaceTest" name="createSpacePage" time="0.000">
    <skipped/>
  </testcase> <!-- createSpacePage -->
  <system-out/>
  <testcase classname="admin.uat.battlexo.com.CreateSpaceTest" name="createSpacePage" time="0.000">
    <skipped/>
  </testcase> <!-- createSpacePage -->
  <system-out/>
  <testcase classname="admin.uat.battlexo.com.CreateSpaceTest" name="createSpacePage" time="0.000">
    <skipped/>
  </testcase> <!-- createSpacePage -->
  <system-out/>
  <testcase classname="admin.uat.battlexo.com.CreateSpaceTest" name="createSpacePage" time="11.643"/>
  <system-out/>
  <testcase classname="admin.uat.battlexo.com.CreateSpaceTest" name="createSpacePage" time="0.000">
    <skipped/>
  </testcase> <!-- createSpacePage -->
  <system-out/>
  <testcase classname="admin.uat.battlexo.com.CreateSpaceTest" name="createSpacePage" time="0.000">
    <skipped/>
  </testcase> <!-- createSpacePage -->
  <system-out/>
  <testcase classname="admin.uat.battlexo.com.CreateSpaceTest" name="createSpacePage" time="0.000">
    <skipped/>
  </testcase> <!-- createSpacePage -->
  <system-out/>
  <testcase classname="admin.uat.battlexo.com.CreateSpaceTest" name="createSpacePage" time="0.000">
    <skipped/>
  </testcase> <!-- createSpacePage -->
  <system-out/>
  <testcase classname="admin.uat.battlexo.com.CreateSpaceTest" name="createSpacePage" time="0.000">
    <skipped/>
  </testcase> <!-- createSpacePage -->
  <system-out/>
  <testcase classname="admin.uat.battlexo.com.CreateSpaceTest" name="createSpacePage" time="0.000">
    <skipped/>
  </testcase> <!-- createSpacePage -->
  <system-out/>
  <testcase classname="admin.uat.battlexo.com.CreateSpaceTest" name="createSpacePage" time="0.000">
    <skipped/>
  </testcase> <!-- createSpacePage -->
  <system-out/>
  <testcase classname="admin.uat.battlexo.com.CreateSpaceTest" name="createSpacePage" time="0.000">
    <skipped/>
  </testcase> <!-- createSpacePage -->
  <system-out/>
  <testcase classname="admin.uat.battlexo.com.CreateSpaceTest" name="createSpacePage" time="0.000">
    <skipped/>
  </testcase> <!-- createSpacePage -->
  <system-out/>
  <testcase classname="admin.uat.battlexo.com.CreateSpaceTest" name="createSpacePage" time="0.000">
    <skipped/>
  </testcase> <!-- createSpacePage -->
  <system-out/>
  <testcase classname="admin.uat.battlexo.com.CreateSpaceTest" name="createSpacePage" time="0.000">
    <skipped/>
  </testcase> <!-- createSpacePage -->
  <system-out/>
  <testcase classname="admin.uat.battlexo.com.CreateSpaceTest" name="createSpacePage" time="0.000">
    <skipped/>
  </testcase> <!-- createSpacePage -->
  <system-out/>
  <testcase classname="admin.uat.battlexo.com.CreateSpaceTest" name="createSpacePage" time="0.000">
    <skipped/>
  </testcase> <!-- createSpacePage -->
  <system-out/>
  <testcase classname="admin.uat.battlexo.com.CreateSpaceTest" name="createSpacePage" time="0.000">
    <skipped/>
  </testcase> <!-- createSpacePage -->
  <system-out/>
  <testcase classname="admin.uat.battlexo.com.CreateSpaceTest" name="createSpacePage" time="0.000">
    <skipped/>
  </testcase> <!-- createSpacePage -->
  <system-out/>
  <testcase classname="admin.uat.battlexo.com.CreateSpaceTest" name="createSpacePage" time="0.000">
    <skipped/>
  </testcase> <!-- createSpacePage -->
  <system-out/>
  <testcase classname="admin.uat.battlexo.com.CreateSpaceTest" name="createSpacePage" time="0.000">
    <skipped/>
  </testcase> <!-- createSpacePage -->
  <system-out/>
  <testcase classname="admin.uat.battlexo.com.CreateSpaceTest" name="createSpacePage" time="0.000">
    <skipped/>
  </testcase> <!-- createSpacePage -->
  <system-out/>
  <testcase classname="admin.uat.battlexo.com.CreateSpaceTest" name="createSpacePage" time="0.000">
    <skipped/>
  </testcase> <!-- createSpacePage -->
  <system-out/>
  <testcase classname="admin.uat.battlexo.com.CreateSpaceTest" name="createSpacePage" time="0.000">
    <skipped/>
  </testcase> <!-- createSpacePage -->
  <system-out/>
  <testcase classname="admin.uat.battlexo.com.CreateSpaceTest" name="createSpacePage" time="0.000">
    <skipped/>
  </testcase> <!-- createSpacePage -->
  <system-out/>
  <testcase classname="admin.uat.battlexo.com.CreateSpaceTest" name="createSpacePage" time="0.000">
    <skipped/>
  </testcase> <!-- createSpacePage -->
  <system-out/>
  <testcase classname="admin.uat.battlexo.com.CreateSpaceTest" name="createSpacePage" time="0.000">
    <skipped/>
  </testcase> <!-- createSpacePage -->
  <system-out/>
  <testcase classname="admin.uat.battlexo.com.CreateSpaceTest" name="createSpacePage" time="0.000">
    <skipped/>
  </testcase> <!-- createSpacePage -->
  <system-out/>
  <testcase classname="admin.uat.battlexo.com.CreateSpaceTest" name="createSpacePage" time="0.000">
    <skipped/>
  </testcase> <!-- createSpacePage -->
  <system-out/>
  <testcase classname="admin.uat.battlexo.com.CreateSpaceTest" name="createSpacePage" time="0.000">
    <skipped/>
  </testcase> <!-- createSpacePage -->
  <system-out/>
  <testcase classname="admin.uat.battlexo.com.CreateSpaceTest" name="createSpacePage" time="0.000">
    <skipped/>
  </testcase> <!-- createSpacePage -->
  <system-out/>
  <testcase classname="admin.uat.battlexo.com.CreateSpaceTest" name="createSpacePage" time="0.000">
    <skipped/>
  </testcase> <!-- createSpacePage -->
  <system-out/>
  <testcase classname="admin.uat.battlexo.com.CreateSpaceTest" name="createSpacePage" time="0.000">
    <skipped/>
  </testcase> <!-- createSpacePage -->
  <system-out/>
  <testcase classname="admin.uat.battlexo.com.CreateSpaceTest" name="createSpacePage" time="0.000">
    <skipped/>
  </testcase> <!-- createSpacePage -->
  <system-out/>
  <testcase classname="admin.uat.battlexo.com.CreateSpaceTest" name="createSpacePage" time="0.000">
    <skipped/>
  </testcase> <!-- createSpacePage -->
  <system-out/>
  <testcase classname="admin.uat.battlexo.com.CreateSpaceTest" name="createSpacePage" time="0.000">
    <skipped/>
  </testcase> <!-- createSpacePage -->
  <system-out/>
  <testcase classname="admin.uat.battlexo.com.CreateSpaceTest" name="createSpacePage" time="11.700"/>
  <system-out/>
  <testcase classname="admin.uat.battlexo.com.CreateSpaceTest" name="createSpacePage" time="11.617"/>
  <system-out/>
  <testcase classname="admin.uat.battlexo.com.CreateSpaceTest" name="createSpacePage" time="0.000">
    <skipped/>
  </testcase> <!-- createSpacePage -->
  <system-out/>
  <testcase classname="admin.uat.battlexo.com.CreateSpaceTest" name="createSpacePage" time="0.000">
    <skipped/>
  </testcase> <!-- createSpacePage -->
  <system-out/>
  <testcase classname="admin.uat.battlexo.com.CreateSpaceTest" name="createSpacePage" time="0.000">
    <skipped/>
  </testcase> <!-- createSpacePage -->
  <system-out/>
  <testcase classname="admin.uat.battlexo.com.CreateSpaceTest" name="createSpacePage" time="0.000">
    <skipped/>
  </testcase> <!-- createSpacePage -->
  <system-out/>
  <testcase classname="admin.uat.battlexo.com.CreateSpaceTest" name="createSpacePage" time="0.000">
    <skipped/>
  </testcase> <!-- createSpacePage -->
  <system-out/>
  <testcase classname="admin.uat.battlexo.com.CreateSpaceTest" name="createSpacePage" time="0.000">
    <skipped/>
  </testcase> <!-- createSpacePage -->
  <system-out/>
  <testcase classname="admin.uat.battlexo.com.CreateSpaceTest" name="createSpacePage" time="0.000">
    <skipped/>
  </testcase> <!-- createSpacePage -->
  <system-out/>
  <testcase classname="admin.uat.battlexo.com.CreateSpaceTest" name="createSpacePage" time="0.000">
    <skipped/>
  </testcase> <!-- createSpacePage -->
  <system-out/>
  <testcase classname="admin.uat.battlexo.com.CreateSpaceTest" name="createSpacePage" time="0.000">
    <skipped/>
  </testcase> <!-- createSpacePage -->
  <system-out/>
  <testcase classname="admin.uat.battlexo.com.CreateSpaceTest" name="createSpacePage" time="11.599"/>
  <system-out/>
  <testcase classname="admin.uat.battlexo.com.CreateSpaceTest" name="createSpacePage" time="0.000">
    <skipped/>
  </testcase> <!-- createSpacePage -->
  <system-out/>
  <testcase classname="admin.uat.battlexo.com.CreateSpaceTest" name="createSpacePage" time="0.000">
    <skipped/>
  </testcase> <!-- createSpacePage -->
  <system-out/>
  <testcase classname="admin.uat.battlexo.com.CreateSpaceTest" name="createSpacePage" time="0.000">
    <skipped/>
  </testcase> <!-- createSpacePage -->
  <system-out/>
  <testcase classname="admin.uat.battlexo.com.CreateSpaceTest" name="createSpacePage" time="0.000">
    <skipped/>
  </testcase> <!-- createSpacePage -->
  <system-out/>
  <testcase classname="admin.uat.battlexo.com.CreateSpaceTest" name="createSpacePage" time="0.000">
    <skipped/>
  </testcase> <!-- createSpacePage -->
  <system-out/>
  <testcase classname="admin.uat.battlexo.com.CreateSpaceTest" name="createSpacePage" time="0.000">
    <skipped/>
  </testcase> <!-- createSpacePage -->
  <system-out/>
  <testcase classname="admin.uat.battlexo.com.CreateSpaceTest" name="createSpacePage" time="0.000">
    <skipped/>
  </testcase> <!-- createSpacePage -->
  <system-out/>
  <testcase classname="admin.uat.battlexo.com.CreateSpaceTest" name="createSpacePage" time="11.668"/>
  <system-out/>
  <testcase classname="admin.uat.battlexo.com.CreateSpaceTest" name="createSpacePage" time="0.000">
    <skipped/>
  </testcase> <!-- createSpacePage -->
  <system-out/>
  <testcase classname="admin.uat.battlexo.com.CreateSpaceTest" name="createSpacePage" time="0.000">
    <skipped/>
  </testcase> <!-- createSpacePage -->
  <system-out/>
  <testcase classname="admin.uat.battlexo.com.CreateSpaceTest" name="createSpacePage" time="0.000">
    <skipped/>
  </testcase> <!-- createSpacePage -->
  <system-out/>
  <testcase classname="admin.uat.battlexo.com.CreateSpaceTest" name="createSpacePage" time="0.000">
    <skipped/>
  </testcase> <!-- createSpacePage -->
  <system-out/>
  <testcase classname="admin.uat.battlexo.com.CreateSpaceTest" name="createSpacePage" time="0.000">
    <skipped/>
  </testcase> <!-- createSpacePage -->
  <system-out/>
  <testcase classname="admin.uat.battlexo.com.CreateSpaceTest" name="createSpacePage" time="0.000">
    <skipped/>
  </testcase> <!-- createSpacePage -->
  <system-out/>
  <testcase classname="admin.uat.battlexo.com.CreateSpaceTest" name="createSpacePage" time="0.000">
    <skipped/>
  </testcase> <!-- createSpacePage -->
  <system-out/>
  <testcase classname="admin.uat.battlexo.com.CreateSpaceTest" name="createSpacePage" time="0.000">
    <skipped/>
  </testcase> <!-- createSpacePage -->
  <system-out/>
  <testcase classname="admin.uat.battlexo.com.CreateSpaceTest" name="createSpacePage" time="0.000">
    <skipped/>
  </testcase> <!-- createSpacePage -->
  <system-out/>
  <testcase classname="admin.uat.battlexo.com.CreateSpaceTest" name="createSpacePage" time="0.000">
    <skipped/>
  </testcase> <!-- createSpacePage -->
  <system-out/>
  <testcase classname="admin.uat.battlexo.com.CreateSpaceTest" name="createSpacePage" time="0.000">
    <skipped/>
  </testcase> <!-- createSpacePage -->
  <system-out/>
  <testcase classname="admin.uat.battlexo.com.CreateSpaceTest" name="createSpacePage" time="0.000">
    <skipped/>
  </testcase> <!-- createSpacePage -->
  <system-out/>
  <testcase classname="admin.uat.battlexo.com.CreateSpaceTest" name="createSpacePage" time="0.000">
    <skipped/>
  </testcase> <!-- createSpacePage -->
  <system-out/>
  <testcase classname="admin.uat.battlexo.com.CreateSpaceTest" name="createSpacePage" time="0.000">
    <skipped/>
  </testcase> <!-- createSpacePage -->
  <system-out/>
  <testcase classname="admin.uat.battlexo.com.CreateSpaceTest" name="createSpacePage" time="0.000">
    <skipped/>
  </testcase> <!-- createSpacePage -->
  <system-out/>
  <testcase classname="admin.uat.battlexo.com.CreateSpaceTest" name="createSpacePage" time="0.000">
    <skipped/>
  </testcase> <!-- createSpacePage -->
  <system-out/>
  <testcase classname="admin.uat.battlexo.com.CreateSpaceTest" name="createSpacePage" time="0.000">
    <skipped/>
  </testcase> <!-- createSpacePage -->
  <system-out/>
  <testcase classname="admin.uat.battlexo.com.CreateSpaceTest" name="createSpacePage" time="0.000">
    <skipped/>
  </testcase> <!-- createSpacePage -->
  <system-out/>
  <testcase classname="admin.uat.battlexo.com.CreateSpaceTest" name="createSpacePage" time="0.000">
    <skipped/>
  </testcase> <!-- createSpacePage -->
  <system-out/>
  <testcase classname="admin.uat.battlexo.com.CreateSpaceTest" name="createSpacePage" time="0.000">
    <skipped/>
  </testcase> <!-- createSpacePage -->
  <system-out/>
  <testcase classname="admin.uat.battlexo.com.CreateSpaceTest" name="createSpacePage" time="0.000">
    <skipped/>
  </testcase> <!-- createSpacePage -->
  <system-out/>
  <testcase classname="admin.uat.battlexo.com.CreateSpaceTest" name="createSpacePage" time="0.000">
    <skipped/>
  </testcase> <!-- createSpacePage -->
  <system-out/>
  <testcase classname="admin.uat.battlexo.com.CreateSpaceTest" name="createSpacePage" time="0.000">
    <skipped/>
  </testcase> <!-- createSpacePage -->
  <system-out/>
  <testcase classname="admin.uat.battlexo.com.CreateSpaceTest" name="createSpacePage" time="0.000">
    <skipped/>
  </testcase> <!-- createSpacePage -->
  <system-out/>
  <testcase classname="admin.uat.battlexo.com.CreateSpaceTest" name="createSpacePage" time="11.747"/>
  <system-out/>
  <testcase classname="admin.uat.battlexo.com.CreateSpaceTest" name="createSpacePage" time="11.630"/>
  <system-out/>
  <testcase classname="admin.uat.battlexo.com.CreateSpaceTest" name="createSpacePage" time="0.000">
    <skipped/>
  </testcase> <!-- createSpacePage -->
  <system-out/>
  <testcase classname="admin.uat.battlexo.com.CreateSpaceTest" name="createSpacePage" time="11.665"/>
  <system-out/>
  <testcase classname="admin.uat.battlexo.com.CreateSpaceTest" name="createSpacePage" time="0.000">
    <skipped/>
  </testcase> <!-- createSpacePage -->
  <system-out/>
  <testcase classname="admin.uat.battlexo.com.CreateSpaceTest" name="createSpacePage" time="0.000">
    <skipped/>
  </testcase> <!-- createSpacePage -->
  <system-out/>
  <testcase classname="admin.uat.battlexo.com.CreateSpaceTest" name="createSpacePage" time="0.000">
    <skipped/>
  </testcase> <!-- createSpacePage -->
  <system-out/>
  <testcase classname="admin.uat.battlexo.com.CreateSpaceTest" name="createSpacePage" time="0.000">
    <skipped/>
  </testcase> <!-- createSpacePage -->
  <system-out/>
  <testcase classname="admin.uat.battlexo.com.CreateSpaceTest" name="createSpacePage" time="0.000">
    <skipped/>
  </testcase> <!-- createSpacePage -->
  <system-out/>
  <testcase classname="admin.uat.battlexo.com.CreateSpaceTest" name="createSpacePage" time="0.000">
    <skipped/>
  </testcase> <!-- createSpacePage -->
  <system-out/>
  <testcase classname="admin.uat.battlexo.com.CreateSpaceTest" name="createSpacePage" time="0.000">
    <skipped/>
  </testcase> <!-- createSpacePage -->
  <system-out/>
  <testcase classname="admin.uat.battlexo.com.CreateSpaceTest" name="createSpacePage" time="0.000">
    <skipped/>
  </testcase> <!-- createSpacePage -->
  <system-out/>
  <testcase classname="admin.uat.battlexo.com.CreateSpaceTest" name="createSpacePage" time="0.000">
    <skipped/>
  </testcase> <!-- createSpacePage -->
  <system-out/>
  <testcase classname="admin.uat.battlexo.com.CreateSpaceTest" name="createSpacePage" time="0.000">
    <skipped/>
  </testcase> <!-- createSpacePage -->
  <system-out/>
  <testcase classname="admin.uat.battlexo.com.CreateSpaceTest" name="createSpacePage" time="11.680"/>
  <system-out/>
  <testcase classname="admin.uat.battlexo.com.CreateSpaceTest" name="createSpacePage" time="0.000">
    <skipped/>
  </testcase> <!-- createSpacePage -->
  <system-out/>
  <testcase classname="admin.uat.battlexo.com.CreateSpaceTest" name="createSpacePage" time="0.000">
    <skipped/>
  </testcase> <!-- createSpacePage -->
  <system-out/>
  <testcase classname="admin.uat.battlexo.com.CreateSpaceTest" name="createSpacePage" time="0.000">
    <skipped/>
  </testcase> <!-- createSpacePage -->
  <system-out/>
  <testcase classname="admin.uat.battlexo.com.CreateSpaceTest" name="createSpacePage" time="0.000">
    <skipped/>
  </testcase> <!-- createSpacePage -->
  <system-out/>
  <testcase classname="admin.uat.battlexo.com.CreateSpaceTest" name="createSpacePage" time="0.000">
    <skipped/>
  </testcase> <!-- createSpacePage -->
  <system-out/>
  <testcase classname="admin.uat.battlexo.com.CreateSpaceTest" name="createSpacePage" time="0.000">
    <skipped/>
  </testcase> <!-- createSpacePage -->
  <system-out/>
  <testcase classname="admin.uat.battlexo.com.CreateSpaceTest" name="createSpacePage" time="0.000">
    <skipped/>
  </testcase> <!-- createSpacePage -->
  <system-out/>
  <testcase classname="admin.uat.battlexo.com.CreateSpaceTest" name="createSpacePage" time="0.000">
    <skipped/>
  </testcase> <!-- createSpacePage -->
  <system-out/>
  <testcase classname="admin.uat.battlexo.com.CreateSpaceTest" name="createSpacePage" time="0.000">
    <skipped/>
  </testcase> <!-- createSpacePage -->
  <system-out/>
  <testcase classname="admin.uat.battlexo.com.CreateSpaceTest" name="createSpacePage" time="11.669"/>
  <system-out/>
  <testcase classname="admin.uat.battlexo.com.CreateSpaceTest" name="createSpacePage" time="0.000">
    <skipped/>
  </testcase> <!-- createSpacePage -->
  <system-out/>
  <testcase classname="admin.uat.battlexo.com.CreateSpaceTest" name="createSpacePage" time="0.000">
    <skipped/>
  </testcase> <!-- createSpacePage -->
  <system-out/>
  <testcase classname="admin.uat.battlexo.com.CreateSpaceTest" name="createSpacePage" time="0.000">
    <skipped/>
  </testcase> <!-- createSpacePage -->
  <system-out/>
  <testcase classname="admin.uat.battlexo.com.CreateSpaceTest" name="createSpacePage" time="0.000">
    <skipped/>
  </testcase> <!-- createSpacePage -->
  <system-out/>
  <testcase classname="admin.uat.battlexo.com.CreateSpaceTest" name="createSpacePage" time="11.614"/>
  <system-out/>
  <testcase classname="admin.uat.battlexo.com.CreateSpaceTest" name="createSpacePage" time="0.000">
    <skipped/>
  </testcase> <!-- createSpacePage -->
  <system-out/>
  <testcase classname="admin.uat.battlexo.com.CreateSpaceTest" name="createSpacePage" time="0.000">
    <skipped/>
  </testcase> <!-- createSpacePage -->
  <system-out/>
  <testcase classname="admin.uat.battlexo.com.CreateSpaceTest" name="createSpacePage" time="0.000">
    <skipped/>
  </testcase> <!-- createSpacePage -->
  <system-out/>
  <testcase classname="admin.uat.battlexo.com.CreateSpaceTest" name="createSpacePage" time="0.000">
    <skipped/>
  </testcase> <!-- createSpacePage -->
  <system-out/>
  <testcase classname="admin.uat.battlexo.com.CreateSpaceTest" name="createSpacePage" time="0.000">
    <skipped/>
  </testcase> <!-- createSpacePage -->
  <system-out/>
  <testcase classname="admin.uat.battlexo.com.CreateSpaceTest" name="createSpacePage" time="0.000">
    <skipped/>
  </testcase> <!-- createSpacePage -->
  <system-out/>
  <testcase classname="admin.uat.battlexo.com.CreateSpaceTest" name="createSpacePage" time="0.000">
    <skipped/>
  </testcase> <!-- createSpacePage -->
  <system-out/>
  <testcase classname="admin.uat.battlexo.com.CreateSpaceTest" name="createSpacePage" time="0.000">
    <skipped/>
  </testcase> <!-- createSpacePage -->
  <system-out/>
  <testcase classname="admin.uat.battlexo.com.CreateSpaceTest" name="createSpacePage" time="0.000">
    <skipped/>
  </testcase> <!-- createSpacePage -->
  <system-out/>
  <testcase classname="admin.uat.battlexo.com.CreateSpaceTest" name="createSpacePage" time="0.000">
    <skipped/>
  </testcase> <!-- createSpacePage -->
  <system-out/>
  <testcase classname="admin.uat.battlexo.com.CreateSpaceTest" name="createSpacePage" time="11.658"/>
  <system-out/>
  <testcase classname="admin.uat.battlexo.com.CreateSpaceTest" name="createSpacePage" time="0.000">
    <skipped/>
  </testcase> <!-- createSpacePage -->
  <system-out/>
  <testcase classname="admin.uat.battlexo.com.CreateSpaceTest" name="createSpacePage" time="0.000">
    <skipped/>
  </testcase> <!-- createSpacePage -->
  <system-out/>
  <testcase classname="admin.uat.battlexo.com.CreateSpaceTest" name="createSpacePage" time="0.000">
    <skipped/>
  </testcase> <!-- createSpacePage -->
  <system-out/>
  <testcase classname="admin.uat.battlexo.com.CreateSpaceTest" name="createSpacePage" time="0.000">
    <skipped/>
  </testcase> <!-- createSpacePage -->
  <system-out/>
  <testcase classname="admin.uat.battlexo.com.CreateSpaceTest" name="createSpacePage" time="0.000">
    <skipped/>
  </testcase> <!-- createSpacePage -->
  <system-out/>
  <testcase classname="admin.uat.battlexo.com.CreateSpaceTest" name="createSpacePage" time="0.000">
    <skipped/>
  </testcase> <!-- createSpacePage -->
  <system-out/>
  <testcase classname="admin.uat.battlexo.com.CreateSpaceTest" name="createSpacePage" time="0.000">
    <skipped/>
  </testcase> <!-- createSpacePage -->
  <system-out/>
  <testcase classname="admin.uat.battlexo.com.CreateSpaceTest" name="createSpacePage" time="0.000">
    <skipped/>
  </testcase> <!-- createSpacePage -->
  <system-out/>
  <testcase classname="admin.uat.battlexo.com.CreateSpaceTest" name="createSpacePage" time="0.000">
    <skipped/>
  </testcase> <!-- createSpacePage -->
  <system-out/>
  <testcase classname="admin.uat.battlexo.com.CreateSpaceTest" name="createSpacePage" time="0.000">
    <skipped/>
  </testcase> <!-- createSpacePage -->
  <system-out/>
  <testcase classname="admin.uat.battlexo.com.CreateSpaceTest" name="createSpacePage" time="0.000">
    <skipped/>
  </testcase> <!-- createSpacePage -->
  <system-out/>
</testsuite> <!-- admin.uat.battlexo.com.CreateSpaceTest -->
